[INFO]
Server Start[수 1월 13 02:10:30 KST 2021]
[INFO]
Server Start[수 1월 13 02:44:02 KST 2021]
[INFO]
Server Start[토 1월 16 00:18:11 KST 2021]
[INFO]
Server Start[수 1월 20 19:53:36 KST 2021]
[INFO]
Server Start[수 1월 20 20:01:39 KST 2021]
[INFO]
Server Start[수 1월 20 20:02:58 KST 2021]
[INFO]
Server Start[수 1월 20 20:04:33 KST 2021]
[INFO]
Server Start[수 1월 20 20:11:47 KST 2021]
[INFO]
Server Start[수 1월 20 20:16:21 KST 2021]
<?xml version="1.0" encoding="UTF-8" standalone="no"?>
<!DOCTYPE log SYSTEM "logger.dtd">
<log>
</log>
<?xml version="1.0" encoding="UTF-8" standalone="no"?>
<!DOCTYPE log SYSTEM "logger.dtd">
<log>
</log>
<?xml version="1.0" encoding="UTF-8" standalone="no"?>
<!DOCTYPE log SYSTEM "logger.dtd">
<log>
</log>
[INFO]
Server Start[수 1월 20 21:29:36 KST 2021]
[INFO]
Server Start[수 1월 20 21:42:41 KST 2021]
[INFO]
Server Start[수 1월 20 22:30:05 KST 2021]
[INFO]
Server Start[수 1월 20 22:36:42 KST 2021]
[INFO]
Server Start[수 1월 20 22:40:32 KST 2021]
[INFO]
Server Start[수 1월 20 22:42:50 KST 2021]
