[INFO]
HOST:/172.30.1.254:58503
Method:GET
User-Agent:Mozilla/5.0 (iPhone; CPU iPhone OS 14_2 like Mac OS X) AppleWebKit/605.1.15 (KHTML, like Gecko) Version/14.0.1 Mobile/15E148 Safari/604.1
URI:/theater
[수 12월 30 16:23:21 KST 2020]
[INFO]
HOST:/172.30.1.254:57575
Method:GET
User-Agent:Mozilla/5.0 (iPhone; CPU iPhone OS 14_2 like Mac OS X) AppleWebKit/605.1.15 (KHTML, like Gecko) Version/14.0.1 Mobile/15E148 Safari/604.1
URI:/theater
[수 12월 30 22:47:27 KST 2020]
[INFO]
HOST:/223.62.162.50:60054
Method:GET
User-Agent:Mozilla/5.0 (iPhone; CPU iPhone OS 14_3 like Mac OS X) AppleWebKit/605.1.15 (KHTML, like Gecko) Mobile/15E148 KAKAOTALK 9.1.6
URI:/kim
[목 12월 31 16:31:26 KST 2020]
[INFO]
HOST:/172.30.1.254:54856
Method:GET
User-Agent:DMovie/1 CFNetwork/1209 Darwin/20.2.0
URI:/rank
[목 12월 31 23:52:22 KST 2020]
[INFO]
HOST:/172.30.1.254:55238
Method:GET
User-Agent:DMovie/1 CFNetwork/1209 Darwin/20.2.0
URI:/rank
[금 1월 01 00:00:40 KST 2021]
[INFO]
HOST:/172.30.1.254:55277
Method:GET
User-Agent:DMovie/1 CFNetwork/1209 Darwin/20.2.0
URI:/rank
[금 1월 01 00:01:21 KST 2021]
[INFO]
HOST:/172.30.1.254:56130
Method:GET
User-Agent:DMovie/1 CFNetwork/1209 Darwin/20.2.0
URI:/rank
[금 1월 01 00:34:23 KST 2021]
[INFO]
HOST:/172.30.1.254:56177
Method:GET
User-Agent:DMovie/1 CFNetwork/1209 Darwin/20.2.0
URI:/rank
[금 1월 01 00:35:28 KST 2021]
[INFO]
HOST:/172.30.1.254:56497
Method:GET
User-Agent:DMovie/1 CFNetwork/1209 Darwin/20.2.0
URI:/rank
[금 1월 01 00:47:15 KST 2021]
[INFO]
HOST:/172.30.1.254:56530
Method:GET
User-Agent:DMovie/1 CFNetwork/1209 Darwin/20.2.0
URI:/rank
[금 1월 01 00:48:21 KST 2021]
[INFO]
HOST:/172.30.1.254:56633
Method:GET
User-Agent:DMovie/1 CFNetwork/1209 Darwin/20.2.0
URI:/rank
[금 1월 01 00:52:22 KST 2021]
[INFO]
HOST:/172.30.1.254:56713
Method:GET
User-Agent:DMovie/1 CFNetwork/1209 Darwin/20.2.0
URI:/rank
[금 1월 01 00:54:14 KST 2021]
[INFO]
HOST:/172.30.1.254:56733
Method:GET
User-Agent:DMovie/1 CFNetwork/1209 Darwin/20.2.0
URI:/rank
[금 1월 01 00:54:43 KST 2021]
[INFO]
HOST:/172.30.1.254:56754
Method:GET
User-Agent:DMovie/1 CFNetwork/1209 Darwin/20.2.0
URI:/rank
[금 1월 01 00:55:08 KST 2021]
[INFO]
HOST:/172.30.1.254:56832
Method:GET
User-Agent:DMovie/1 CFNetwork/1209 Darwin/20.2.0
URI:/rank
[금 1월 01 00:57:20 KST 2021]
[INFO]
HOST:/172.30.1.254:56868
Method:GET
User-Agent:DMovie/1 CFNetwork/1209 Darwin/20.2.0
URI:/rank
[금 1월 01 00:58:35 KST 2021]
[INFO]
HOST:/172.30.1.254:56910
Method:GET
User-Agent:DMovie/1 CFNetwork/1209 Darwin/20.2.0
URI:/rank
[금 1월 01 01:00:10 KST 2021]
[INFO]
HOST:/172.30.1.254:56981
Method:GET
User-Agent:DMovie/1 CFNetwork/1209 Darwin/20.2.0
URI:/rank
[금 1월 01 01:01:36 KST 2021]
[INFO]
HOST:/172.30.1.254:57008
Method:GET
User-Agent:DMovie/1 CFNetwork/1209 Darwin/20.2.0
URI:/rank
[금 1월 01 01:02:27 KST 2021]
[INFO]
HOST:/0:0:0:0:0:0:0:1:57045
Method:GET
User-Agent:Rested/2009 CFNetwork/1209.1 Darwin/20.2.0
URI:/rank
[금 1월 01 01:03:37 KST 2021]
[INFO]
HOST:/172.30.1.254:57140
Method:GET
User-Agent:DMovie/1 CFNetwork/1209 Darwin/20.2.0
URI:/rank
[금 1월 01 01:08:30 KST 2021]
[INFO]
HOST:/172.30.1.254:57274
Method:GET
User-Agent:DMovie/1 CFNetwork/1209 Darwin/20.2.0
URI:/rank
[금 1월 01 01:12:31 KST 2021]
