[SEVERE]
io.netty.handler.ssl.NotSslRecordException: not an SSL/TLS record: 474554202f72616e6b20485454502f312e310d0a486f73743a206c6f63616c686f73743a383838380d0a4163636570743a202a2f2a0d0a4163636570742d4c616e67756167653a206b6f2d6b720d0a436f6e6e656374696f6e3a206b6565702d616c6976650d0a4163636570742d456e636f64696e673a20677a69702c206465666c6174650d0a557365722d4167656e743a205265737465642f323030392043464e6574776f726b2f313230392e312044617277696e2f32302e322e300d0a0d0a[수 1월 13 02:10:40 KST 2021]
[SEVERE]
io.netty.handler.ssl.NotSslRecordException: not an SSL/TLS record: 474554202f72616e6b20485454502f312e310d0a486f73743a206c6f63616c686f73743a383838380d0a4163636570743a202a2f2a0d0a4163636570742d4c616e67756167653a206b6f2d6b720d0a436f6e6e656374696f6e3a206b6565702d616c6976650d0a4163636570742d456e636f64696e673a20677a69702c206465666c6174650d0a557365722d4167656e743a205265737465642f323030392043464e6574776f726b2f313230392e312044617277696e2f32302e322e300d0a0d0a[수 1월 13 02:10:40 KST 2021]
[SEVERE]
io.netty.handler.ssl.NotSslRecordException: not an SSL/TLS record: 474554202f72616e6b20485454502f312e310d0a486f73743a206c6f63616c686f73743a383838380d0a4163636570743a202a2f2a0d0a4163636570742d4c616e67756167653a206b6f2d6b720d0a436f6e6e656374696f6e3a206b6565702d616c6976650d0a4163636570742d456e636f64696e673a20677a69702c206465666c6174650d0a557365722d4167656e743a205265737465642f323030392043464e6574776f726b2f313230392e312044617277696e2f32302e322e300d0a0d0a[수 1월 13 02:10:40 KST 2021]
[SEVERE]
refCnt: 0, decrement: 1[수 1월 13 02:27:07 KST 2021]
[SEVERE]
refCnt: 0, decrement: 1[수 1월 13 02:27:07 KST 2021]
[SEVERE]
refCnt: 0, decrement: 1[수 1월 13 02:27:07 KST 2021]
[SEVERE]
refCnt: 0, decrement: 1[수 1월 13 02:27:07 KST 2021]
[SEVERE]
refCnt: 0, decrement: 1[수 1월 13 02:27:07 KST 2021]
[SEVERE]
refCnt: 0, decrement: 1[수 1월 13 02:27:07 KST 2021]
[SEVERE]
refCnt: 0, decrement: 1[수 1월 13 02:27:07 KST 2021]
[SEVERE]
refCnt: 0, decrement: 1[수 1월 13 02:27:07 KST 2021]
[SEVERE]
refCnt: 0, decrement: 1[수 1월 13 02:27:07 KST 2021]
[SEVERE]
refCnt: 0, decrement: 1[수 1월 13 02:27:07 KST 2021]
[SEVERE]
refCnt: 0, decrement: 1[수 1월 13 02:27:07 KST 2021]
[SEVERE]
refCnt: 0, decrement: 1[수 1월 13 02:27:07 KST 2021]
[SEVERE]
refCnt: 0, decrement: 1[수 1월 13 02:27:07 KST 2021]
[SEVERE]
refCnt: 0, decrement: 1[수 1월 13 02:27:07 KST 2021]
[SEVERE]
refCnt: 0, decrement: 1[수 1월 13 02:27:07 KST 2021]
[SEVERE]
refCnt: 0, decrement: 1[수 1월 13 02:27:07 KST 2021]
[SEVERE]
refCnt: 0, decrement: 1[수 1월 13 02:27:07 KST 2021]
[SEVERE]
refCnt: 0, decrement: 1[수 1월 13 02:27:07 KST 2021]
[SEVERE]
refCnt: 0, decrement: 1[수 1월 13 02:28:42 KST 2021]
[SEVERE]
refCnt: 0, decrement: 1[수 1월 13 02:28:42 KST 2021]
[SEVERE]
refCnt: 0, decrement: 1[수 1월 13 02:28:42 KST 2021]
[SEVERE]
refCnt: 0, decrement: 1[수 1월 13 02:28:42 KST 2021]
[SEVERE]
refCnt: 0, decrement: 1[수 1월 13 02:28:42 KST 2021]
[SEVERE]
refCnt: 0, decrement: 1[수 1월 13 02:28:42 KST 2021]
[SEVERE]
refCnt: 0, decrement: 1[수 1월 13 02:28:42 KST 2021]
[SEVERE]
refCnt: 0, decrement: 1[수 1월 13 02:28:42 KST 2021]
[SEVERE]
refCnt: 0, decrement: 1[수 1월 13 02:28:42 KST 2021]
[SEVERE]
refCnt: 0, decrement: 1[수 1월 13 02:28:42 KST 2021]
[SEVERE]
refCnt: 0, decrement: 1[수 1월 13 02:28:42 KST 2021]
[SEVERE]
refCnt: 0, decrement: 1[수 1월 13 02:28:42 KST 2021]
[SEVERE]
refCnt: 0, decrement: 1[수 1월 13 02:28:42 KST 2021]
[SEVERE]
refCnt: 0, decrement: 1[수 1월 13 02:28:42 KST 2021]
[SEVERE]
refCnt: 0, decrement: 1[수 1월 13 02:28:42 KST 2021]
[SEVERE]
refCnt: 0, decrement: 1[수 1월 13 02:28:42 KST 2021]
[SEVERE]
refCnt: 0, decrement: 1[수 1월 13 02:28:42 KST 2021]
[SEVERE]
refCnt: 0, decrement: 1[수 1월 13 02:28:42 KST 2021]
[SEVERE]
refCnt: 0, decrement: 1[수 1월 13 02:38:53 KST 2021]
[SEVERE]
refCnt: 0, decrement: 1[수 1월 13 02:38:53 KST 2021]
[SEVERE]
refCnt: 0, decrement: 1[수 1월 13 02:38:53 KST 2021]
[SEVERE]
refCnt: 0, decrement: 1[수 1월 13 02:38:53 KST 2021]
[SEVERE]
refCnt: 0, decrement: 1[수 1월 13 02:38:53 KST 2021]
[SEVERE]
refCnt: 0, decrement: 1[수 1월 13 02:38:53 KST 2021]
[SEVERE]
refCnt: 0, decrement: 1[수 1월 13 02:38:53 KST 2021]
[SEVERE]
refCnt: 0, decrement: 1[수 1월 13 02:38:53 KST 2021]
[SEVERE]
refCnt: 0, decrement: 1[수 1월 13 02:38:53 KST 2021]
[SEVERE]
refCnt: 0, decrement: 1[수 1월 13 02:38:53 KST 2021]
[SEVERE]
refCnt: 0, decrement: 1[수 1월 13 02:38:53 KST 2021]
[SEVERE]
refCnt: 0, decrement: 1[수 1월 13 02:38:53 KST 2021]
[SEVERE]
refCnt: 0, decrement: 1[수 1월 13 02:38:53 KST 2021]
[SEVERE]
refCnt: 0, decrement: 1[수 1월 13 02:38:53 KST 2021]
[SEVERE]
refCnt: 0, decrement: 1[수 1월 13 02:38:53 KST 2021]
[SEVERE]
refCnt: 0, decrement: 1[수 1월 13 02:38:53 KST 2021]
[SEVERE]
refCnt: 0, decrement: 1[수 1월 13 02:38:53 KST 2021]
[SEVERE]
refCnt: 0, decrement: 1[수 1월 13 02:38:53 KST 2021]
[SEVERE]
refCnt: 0, decrement: 1[수 1월 13 02:41:11 KST 2021]
[SEVERE]
refCnt: 0, decrement: 1[수 1월 13 02:41:11 KST 2021]
[SEVERE]
refCnt: 0, decrement: 1[수 1월 13 02:41:11 KST 2021]
[SEVERE]
refCnt: 0, decrement: 1[수 1월 13 02:41:11 KST 2021]
[SEVERE]
refCnt: 0, decrement: 1[수 1월 13 02:41:11 KST 2021]
[SEVERE]
refCnt: 0, decrement: 1[수 1월 13 02:41:11 KST 2021]
[SEVERE]
refCnt: 0, decrement: 1[수 1월 13 02:41:12 KST 2021]
[SEVERE]
refCnt: 0, decrement: 1[수 1월 13 02:41:12 KST 2021]
[SEVERE]
refCnt: 0, decrement: 1[수 1월 13 02:41:12 KST 2021]
[SEVERE]
refCnt: 0, decrement: 1[수 1월 13 02:41:12 KST 2021]
[SEVERE]
refCnt: 0, decrement: 1[수 1월 13 02:41:12 KST 2021]
[SEVERE]
refCnt: 0, decrement: 1[수 1월 13 02:41:12 KST 2021]
[SEVERE]
refCnt: 0, decrement: 1[수 1월 13 02:41:12 KST 2021]
[SEVERE]
refCnt: 0, decrement: 1[수 1월 13 02:41:12 KST 2021]
[SEVERE]
refCnt: 0, decrement: 1[수 1월 13 02:41:12 KST 2021]
[SEVERE]
refCnt: 0, decrement: 1[수 1월 13 02:41:12 KST 2021]
[SEVERE]
refCnt: 0, decrement: 1[수 1월 13 02:41:12 KST 2021]
[SEVERE]
refCnt: 0, decrement: 1[수 1월 13 02:41:12 KST 2021]
[SEVERE]
Connection reset[수 1월 13 02:41:33 KST 2021]
[SEVERE]
refCnt: 0, decrement: 1[수 1월 13 02:44:45 KST 2021]
[SEVERE]
refCnt: 0, decrement: 1[토 1월 16 00:18:36 KST 2021]
