[INFO]
HOST:/172.30.1.254:58503
Method:GET
User-Agent:Mozilla/5.0 (iPhone; CPU iPhone OS 14_2 like Mac OS X) AppleWebKit/605.1.15 (KHTML, like Gecko) Version/14.0.1 Mobile/15E148 Safari/604.1
URI:/theater
[수 12월 30 16:23:21 KST 2020]
[INFO]
HOST:/172.30.1.254:57575
Method:GET
User-Agent:Mozilla/5.0 (iPhone; CPU iPhone OS 14_2 like Mac OS X) AppleWebKit/605.1.15 (KHTML, like Gecko) Version/14.0.1 Mobile/15E148 Safari/604.1
URI:/theater
[수 12월 30 22:47:27 KST 2020]
[INFO]
HOST:/223.62.162.50:60054
Method:GET
User-Agent:Mozilla/5.0 (iPhone; CPU iPhone OS 14_3 like Mac OS X) AppleWebKit/605.1.15 (KHTML, like Gecko) Mobile/15E148 KAKAOTALK 9.1.6
URI:/kim
[목 12월 31 16:31:26 KST 2020]
[INFO]
HOST:/172.30.1.254:54856
Method:GET
User-Agent:DMovie/1 CFNetwork/1209 Darwin/20.2.0
URI:/rank
[목 12월 31 23:52:22 KST 2020]
[INFO]
HOST:/172.30.1.254:55238
Method:GET
User-Agent:DMovie/1 CFNetwork/1209 Darwin/20.2.0
URI:/rank
[금 1월 01 00:00:40 KST 2021]
[INFO]
HOST:/172.30.1.254:55277
Method:GET
User-Agent:DMovie/1 CFNetwork/1209 Darwin/20.2.0
URI:/rank
[금 1월 01 00:01:21 KST 2021]
[INFO]
HOST:/172.30.1.254:56130
Method:GET
User-Agent:DMovie/1 CFNetwork/1209 Darwin/20.2.0
URI:/rank
[금 1월 01 00:34:23 KST 2021]
[INFO]
HOST:/172.30.1.254:56177
Method:GET
User-Agent:DMovie/1 CFNetwork/1209 Darwin/20.2.0
URI:/rank
[금 1월 01 00:35:28 KST 2021]
[INFO]
HOST:/172.30.1.254:56497
Method:GET
User-Agent:DMovie/1 CFNetwork/1209 Darwin/20.2.0
URI:/rank
[금 1월 01 00:47:15 KST 2021]
[INFO]
HOST:/172.30.1.254:56530
Method:GET
User-Agent:DMovie/1 CFNetwork/1209 Darwin/20.2.0
URI:/rank
[금 1월 01 00:48:21 KST 2021]
[INFO]
HOST:/172.30.1.254:56633
Method:GET
User-Agent:DMovie/1 CFNetwork/1209 Darwin/20.2.0
URI:/rank
[금 1월 01 00:52:22 KST 2021]
[INFO]
HOST:/172.30.1.254:56713
Method:GET
User-Agent:DMovie/1 CFNetwork/1209 Darwin/20.2.0
URI:/rank
[금 1월 01 00:54:14 KST 2021]
[INFO]
HOST:/172.30.1.254:56733
Method:GET
User-Agent:DMovie/1 CFNetwork/1209 Darwin/20.2.0
URI:/rank
[금 1월 01 00:54:43 KST 2021]
[INFO]
HOST:/172.30.1.254:56754
Method:GET
User-Agent:DMovie/1 CFNetwork/1209 Darwin/20.2.0
URI:/rank
[금 1월 01 00:55:08 KST 2021]
[INFO]
HOST:/172.30.1.254:56832
Method:GET
User-Agent:DMovie/1 CFNetwork/1209 Darwin/20.2.0
URI:/rank
[금 1월 01 00:57:20 KST 2021]
[INFO]
HOST:/172.30.1.254:56868
Method:GET
User-Agent:DMovie/1 CFNetwork/1209 Darwin/20.2.0
URI:/rank
[금 1월 01 00:58:35 KST 2021]
[INFO]
HOST:/172.30.1.254:56910
Method:GET
User-Agent:DMovie/1 CFNetwork/1209 Darwin/20.2.0
URI:/rank
[금 1월 01 01:00:10 KST 2021]
[INFO]
HOST:/172.30.1.254:56981
Method:GET
User-Agent:DMovie/1 CFNetwork/1209 Darwin/20.2.0
URI:/rank
[금 1월 01 01:01:36 KST 2021]
[INFO]
HOST:/172.30.1.254:57008
Method:GET
User-Agent:DMovie/1 CFNetwork/1209 Darwin/20.2.0
URI:/rank
[금 1월 01 01:02:27 KST 2021]
[INFO]
HOST:/0:0:0:0:0:0:0:1:57045
Method:GET
User-Agent:Rested/2009 CFNetwork/1209.1 Darwin/20.2.0
URI:/rank
[금 1월 01 01:03:37 KST 2021]
[INFO]
HOST:/172.30.1.254:57140
Method:GET
User-Agent:DMovie/1 CFNetwork/1209 Darwin/20.2.0
URI:/rank
[금 1월 01 01:08:30 KST 2021]
[INFO]
HOST:/172.30.1.254:57274
Method:GET
User-Agent:DMovie/1 CFNetwork/1209 Darwin/20.2.0
URI:/rank
[금 1월 01 01:12:31 KST 2021]
[INFO]
HOST:/172.30.1.254:54002
Method:GET
User-Agent:DMovie/1 CFNetwork/1209 Darwin/20.2.0
URI:/rank
[토 1월 02 22:17:44 KST 2021]
[INFO]
HOST:/172.30.1.254:54002
Method:GET
User-Agent:DMovie/1 CFNetwork/1209 Darwin/20.2.0
URI:/theater
[토 1월 02 22:17:55 KST 2021]
[INFO]
HOST:/172.30.1.254:54046
Method:GET
User-Agent:DMovie/1 CFNetwork/1209 Darwin/20.2.0
URI:/rank
[토 1월 02 22:18:53 KST 2021]
[INFO]
HOST:/172.30.1.254:54046
Method:GET
User-Agent:DMovie/1 CFNetwork/1209 Darwin/20.2.0
URI:/theater
[토 1월 02 22:18:55 KST 2021]
[INFO]
HOST:/0:0:0:0:0:0:0:1:55071
Method:GET
User-Agent:Rested/2009 CFNetwork/1209.1 Darwin/20.2.0
URI:/theater
[토 1월 02 23:16:46 KST 2021]
[INFO]
HOST:/172.30.1.254:55358
Method:GET
User-Agent:DMovie/1 CFNetwork/1209 Darwin/20.2.0
URI:/rank
[토 1월 02 23:22:54 KST 2021]
[INFO]
HOST:/172.30.1.254:55358
Method:GET
User-Agent:DMovie/1 CFNetwork/1209 Darwin/20.2.0
URI:/theater
[토 1월 02 23:22:57 KST 2021]
[INFO]
HOST:/172.30.1.254:55506
Method:GET
User-Agent:DMovie/1 CFNetwork/1209 Darwin/20.2.0
URI:/rank
[토 1월 02 23:27:13 KST 2021]
[INFO]
HOST:/172.30.1.254:55506
Method:GET
User-Agent:DMovie/1 CFNetwork/1209 Darwin/20.2.0
URI:/theater
[토 1월 02 23:27:15 KST 2021]
[INFO]
HOST:/172.30.1.254:55637
Method:GET
User-Agent:DMovie/1 CFNetwork/1209 Darwin/20.2.0
URI:/rank
[토 1월 02 23:31:14 KST 2021]
[INFO]
HOST:/172.30.1.254:55637
Method:GET
User-Agent:DMovie/1 CFNetwork/1209 Darwin/20.2.0
URI:/theater
[토 1월 02 23:31:15 KST 2021]
[INFO]
HOST:/172.30.1.254:55672
Method:GET
User-Agent:DMovie/1 CFNetwork/1209 Darwin/20.2.0
URI:/rank
[토 1월 02 23:33:15 KST 2021]
[INFO]
HOST:/172.30.1.254:55672
Method:GET
User-Agent:DMovie/1 CFNetwork/1209 Darwin/20.2.0
URI:/theater
[토 1월 02 23:33:17 KST 2021]
[INFO]
HOST:/172.30.1.254:55754
Method:GET
User-Agent:DMovie/1 CFNetwork/1209 Darwin/20.2.0
URI:/rank
[토 1월 02 23:35:52 KST 2021]
[INFO]
HOST:/172.30.1.254:55754
Method:GET
User-Agent:DMovie/1 CFNetwork/1209 Darwin/20.2.0
URI:/theater
[토 1월 02 23:35:53 KST 2021]
[INFO]
HOST:/172.30.1.254:55839
Method:GET
User-Agent:DMovie/1 CFNetwork/1209 Darwin/20.2.0
URI:/rank
[토 1월 02 23:40:04 KST 2021]
[INFO]
HOST:/172.30.1.254:55850
Method:GET
User-Agent:DMovie/1 CFNetwork/1209 Darwin/20.2.0
URI:/rank
[토 1월 02 23:40:19 KST 2021]
[INFO]
HOST:/172.30.1.254:55850
Method:GET
User-Agent:DMovie/1 CFNetwork/1209 Darwin/20.2.0
URI:/theater
[토 1월 02 23:40:22 KST 2021]
[INFO]
HOST:/172.30.1.254:55918
Method:GET
User-Agent:DMovie/1 CFNetwork/1209 Darwin/20.2.0
URI:/rank
[토 1월 02 23:41:37 KST 2021]
[INFO]
HOST:/172.30.1.254:55918
Method:GET
User-Agent:DMovie/1 CFNetwork/1209 Darwin/20.2.0
URI:/theater
[토 1월 02 23:41:39 KST 2021]
[INFO]
HOST:/172.30.1.254:55979
Method:GET
User-Agent:DMovie/1 CFNetwork/1209 Darwin/20.2.0
URI:/rank
[토 1월 02 23:42:44 KST 2021]
[INFO]
HOST:/172.30.1.254:55979
Method:GET
User-Agent:DMovie/1 CFNetwork/1209 Darwin/20.2.0
URI:/theater
[토 1월 02 23:42:46 KST 2021]
[INFO]
HOST:/172.30.1.254:56169
Method:GET
User-Agent:DMovie/1 CFNetwork/1209 Darwin/20.2.0
URI:/rank
[토 1월 02 23:52:45 KST 2021]
[INFO]
HOST:/172.30.1.254:56169
Method:GET
User-Agent:DMovie/1 CFNetwork/1209 Darwin/20.2.0
URI:/theater
[토 1월 02 23:52:47 KST 2021]
[INFO]
HOST:/172.30.1.254:56355
Method:GET
User-Agent:DMovie/1 CFNetwork/1209 Darwin/20.2.0
URI:/rank
[토 1월 02 23:59:05 KST 2021]
[INFO]
HOST:/172.30.1.254:56355
Method:GET
User-Agent:DMovie/1 CFNetwork/1209 Darwin/20.2.0
URI:/theater
[토 1월 02 23:59:06 KST 2021]
[INFO]
HOST:/172.30.1.254:56582
Method:GET
User-Agent:DMovie/1 CFNetwork/1209 Darwin/20.2.0
URI:/rank
[일 1월 03 00:01:59 KST 2021]
[INFO]
HOST:/172.30.1.254:56582
Method:GET
User-Agent:DMovie/1 CFNetwork/1209 Darwin/20.2.0
URI:/theater
[일 1월 03 00:02:06 KST 2021]
[INFO]
HOST:/172.30.1.254:56641
Method:GET
User-Agent:DMovie/1 CFNetwork/1209 Darwin/20.2.0
URI:/rank
[일 1월 03 00:02:53 KST 2021]
[INFO]
HOST:/172.30.1.254:56641
Method:GET
User-Agent:DMovie/1 CFNetwork/1209 Darwin/20.2.0
URI:/theater
[일 1월 03 00:02:54 KST 2021]
[INFO]
HOST:/172.30.1.254:56754
Method:GET
User-Agent:DMovie/1 CFNetwork/1209 Darwin/20.2.0
URI:/rank
[일 1월 03 00:04:15 KST 2021]
[INFO]
HOST:/172.30.1.254:56754
Method:GET
User-Agent:DMovie/1 CFNetwork/1209 Darwin/20.2.0
URI:/theater
[일 1월 03 00:04:29 KST 2021]
[INFO]
HOST:/172.30.1.254:52379
Method:GET
User-Agent:DMovie/1 CFNetwork/1206 Darwin/20.1.0
URI:/rank
[일 1월 03 00:07:31 KST 2021]
[INFO]
HOST:/172.30.1.254:52379
Method:GET
User-Agent:DMovie/1 CFNetwork/1206 Darwin/20.1.0
URI:/theater
[일 1월 03 00:07:35 KST 2021]
[INFO]
HOST:/172.30.1.254:57070
Method:GET
User-Agent:DMovie/1 CFNetwork/1209 Darwin/20.2.0
URI:/rank
[일 1월 03 00:09:48 KST 2021]
[INFO]
HOST:/172.30.1.254:57107
Method:GET
User-Agent:DMovie/1 CFNetwork/1209 Darwin/20.2.0
URI:/rank
[일 1월 03 00:10:34 KST 2021]
[INFO]
HOST:/172.30.1.254:57107
Method:GET
User-Agent:DMovie/1 CFNetwork/1209 Darwin/20.2.0
URI:/theater
[일 1월 03 00:10:36 KST 2021]
[INFO]
HOST:/172.30.1.254:52390
Method:GET
User-Agent:DMovie/1 CFNetwork/1206 Darwin/20.1.0
URI:/rank
[일 1월 03 00:11:45 KST 2021]
[INFO]
HOST:/172.30.1.254:52390
Method:GET
User-Agent:DMovie/1 CFNetwork/1206 Darwin/20.1.0
URI:/theater
[일 1월 03 00:11:46 KST 2021]
[INFO]
HOST:/172.30.1.254:57155
Method:GET
User-Agent:DMovie/1 CFNetwork/1209 Darwin/20.2.0
URI:/rank
[일 1월 03 00:12:31 KST 2021]
[INFO]
HOST:/172.30.1.254:57155
Method:GET
User-Agent:DMovie/1 CFNetwork/1209 Darwin/20.2.0
URI:/theater
[일 1월 03 00:12:32 KST 2021]
[INFO]
HOST:/172.30.1.254:52425
Method:GET
User-Agent:DMovie/1 CFNetwork/1206 Darwin/20.1.0
URI:/rank
[일 1월 03 00:14:03 KST 2021]
[INFO]
HOST:/172.30.1.254:52425
Method:GET
User-Agent:DMovie/1 CFNetwork/1206 Darwin/20.1.0
URI:/theater
[일 1월 03 00:14:04 KST 2021]
[INFO]
HOST:/172.30.1.254:52441
Method:GET
User-Agent:DMovie/1 CFNetwork/1206 Darwin/20.1.0
URI:/rank
[일 1월 03 00:16:25 KST 2021]
[INFO]
HOST:/172.30.1.254:52441
Method:GET
User-Agent:DMovie/1 CFNetwork/1206 Darwin/20.1.0
URI:/theater
[일 1월 03 00:16:26 KST 2021]
[INFO]
HOST:/172.30.1.254:57264
Method:GET
User-Agent:DMovie/1 CFNetwork/1209 Darwin/20.2.0
URI:/rank
[일 1월 03 00:17:35 KST 2021]
[INFO]
HOST:/172.30.1.254:57264
Method:GET
User-Agent:DMovie/1 CFNetwork/1209 Darwin/20.2.0
URI:/theater
[일 1월 03 00:17:37 KST 2021]
[INFO]
HOST:/172.30.1.254:57726
Method:GET
User-Agent:DMovie/1 CFNetwork/1209 Darwin/20.2.0
URI:/rank
[일 1월 03 00:55:13 KST 2021]
[INFO]
HOST:/172.30.1.254:57726
Method:GET
User-Agent:DMovie/1 CFNetwork/1209 Darwin/20.2.0
URI:/theater
[일 1월 03 00:55:14 KST 2021]
[INFO]
HOST:/172.30.1.254:58175
Method:GET
User-Agent:DMovie/1 CFNetwork/1209 Darwin/20.2.0
URI:/rank
[일 1월 03 01:18:31 KST 2021]
[INFO]
HOST:/172.30.1.254:58175
Method:GET
User-Agent:DMovie/1 CFNetwork/1209 Darwin/20.2.0
URI:/theater
[일 1월 03 01:18:33 KST 2021]
[INFO]
HOST:/172.30.1.254:58207
Method:GET
User-Agent:DMovie/1 CFNetwork/1209 Darwin/20.2.0
URI:/rank
[일 1월 03 01:20:19 KST 2021]
[INFO]
HOST:/172.30.1.254:58207
Method:GET
User-Agent:DMovie/1 CFNetwork/1209 Darwin/20.2.0
URI:/theater
[일 1월 03 01:20:22 KST 2021]
[INFO]
HOST:/172.30.1.254:58235
Method:GET
User-Agent:DMovie/1 CFNetwork/1209 Darwin/20.2.0
URI:/rank
[일 1월 03 01:20:50 KST 2021]
[INFO]
HOST:/172.30.1.254:58235
Method:GET
User-Agent:DMovie/1 CFNetwork/1209 Darwin/20.2.0
URI:/theater
[일 1월 03 01:20:51 KST 2021]
[INFO]
HOST:/172.30.1.254:58423
Method:GET
User-Agent:DMovie/1 CFNetwork/1209 Darwin/20.2.0
URI:/rank
[일 1월 03 01:35:21 KST 2021]
[INFO]
HOST:/172.30.1.254:58423
Method:GET
User-Agent:DMovie/1 CFNetwork/1209 Darwin/20.2.0
URI:/theater
[일 1월 03 01:35:24 KST 2021]
[INFO]
HOST:/172.30.1.254:58761
Method:GET
User-Agent:DMovie/1 CFNetwork/1209 Darwin/20.2.0
URI:/rank
[일 1월 03 01:52:00 KST 2021]
[INFO]
HOST:/172.30.1.254:58761
Method:GET
User-Agent:DMovie/1 CFNetwork/1209 Darwin/20.2.0
URI:/theater
[일 1월 03 01:52:04 KST 2021]
[INFO]
HOST:/172.30.1.254:58790
Method:GET
User-Agent:DMovie/1 CFNetwork/1209 Darwin/20.2.0
URI:/rank
[일 1월 03 01:52:42 KST 2021]
[INFO]
HOST:/172.30.1.254:58790
Method:GET
User-Agent:DMovie/1 CFNetwork/1209 Darwin/20.2.0
URI:/theater
[일 1월 03 01:52:43 KST 2021]
[INFO]
HOST:/172.30.1.254:58826
Method:GET
User-Agent:DMovie/1 CFNetwork/1209 Darwin/20.2.0
URI:/rank
[일 1월 03 01:53:21 KST 2021]
[INFO]
HOST:/172.30.1.254:58826
Method:GET
User-Agent:DMovie/1 CFNetwork/1209 Darwin/20.2.0
URI:/theater
[일 1월 03 01:53:23 KST 2021]
[INFO]
HOST:/172.30.1.254:58967
Method:GET
User-Agent:DMovie/1 CFNetwork/1209 Darwin/20.2.0
URI:/rank
[일 1월 03 01:57:13 KST 2021]
[INFO]
HOST:/172.30.1.254:58967
Method:GET
User-Agent:DMovie/1 CFNetwork/1209 Darwin/20.2.0
URI:/theater
[일 1월 03 01:57:14 KST 2021]
[INFO]
HOST:/172.30.1.254:53446
Method:GET
User-Agent:DMovie/1 CFNetwork/1206 Darwin/20.1.0
URI:/rank
[일 1월 03 01:58:08 KST 2021]
[INFO]
HOST:/172.30.1.254:53446
Method:GET
User-Agent:DMovie/1 CFNetwork/1206 Darwin/20.1.0
URI:/theater
[일 1월 03 01:58:13 KST 2021]
[INFO]
HOST:/172.30.1.254:59169
Method:GET
User-Agent:DMovie/1 CFNetwork/1209 Darwin/20.2.0
URI:/rank
[일 1월 03 02:03:53 KST 2021]
[INFO]
HOST:/172.30.1.254:59169
Method:GET
User-Agent:DMovie/1 CFNetwork/1209 Darwin/20.2.0
URI:/theater
[일 1월 03 02:03:56 KST 2021]
[INFO]
HOST:/172.30.1.254:59225
Method:GET
User-Agent:DMovie/1 CFNetwork/1209 Darwin/20.2.0
URI:/rank
[일 1월 03 02:04:53 KST 2021]
[INFO]
HOST:/172.30.1.254:59225
Method:GET
User-Agent:DMovie/1 CFNetwork/1209 Darwin/20.2.0
URI:/theater
[일 1월 03 02:04:54 KST 2021]
[INFO]
HOST:/172.30.1.254:59330
Method:GET
User-Agent:DMovie/1 CFNetwork/1209 Darwin/20.2.0
URI:/rank
[일 1월 03 02:08:03 KST 2021]
[INFO]
HOST:/172.30.1.254:59330
Method:GET
User-Agent:DMovie/1 CFNetwork/1209 Darwin/20.2.0
URI:/theater
[일 1월 03 02:08:05 KST 2021]
[INFO]
HOST:/172.30.1.254:59367
Method:GET
User-Agent:DMovie/1 CFNetwork/1209 Darwin/20.2.0
URI:/rank
[일 1월 03 02:08:44 KST 2021]
[INFO]
HOST:/172.30.1.254:59367
Method:GET
User-Agent:DMovie/1 CFNetwork/1209 Darwin/20.2.0
URI:/theater
[일 1월 03 02:08:46 KST 2021]
[INFO]
HOST:/172.30.1.254:59469
Method:GET
User-Agent:DMovie/1 CFNetwork/1209 Darwin/20.2.0
URI:/rank
[일 1월 03 02:11:21 KST 2021]
[INFO]
HOST:/172.30.1.254:59469
Method:GET
User-Agent:DMovie/1 CFNetwork/1209 Darwin/20.2.0
URI:/theater
[일 1월 03 02:11:23 KST 2021]
[INFO]
HOST:/0:0:0:0:0:0:0:1:60434
Method:GET
User-Agent:Rested/2009 CFNetwork/1209.1 Darwin/20.2.0
URI:/theater
[일 1월 03 02:46:28 KST 2021]
[INFO]
HOST:/172.30.1.254:61631
Method:GET
User-Agent:DMovie/1 CFNetwork/1209 Darwin/20.2.0
URI:/rank
[월 1월 04 02:28:31 KST 2021]
[INFO]
HOST:/172.30.1.254:61631
Method:GET
User-Agent:DMovie/1 CFNetwork/1209 Darwin/20.2.0
URI:/theater
[월 1월 04 02:28:43 KST 2021]
[INFO]
HOST:/172.30.1.254:61707
Method:GET
User-Agent:DMovie/1 CFNetwork/1209 Darwin/20.2.0
URI:/rank
[월 1월 04 02:29:52 KST 2021]
[INFO]
HOST:/172.30.1.254:61738
Method:GET
User-Agent:DMovie/1 CFNetwork/1209 Darwin/20.2.0
URI:/rank
[월 1월 04 02:30:35 KST 2021]
[INFO]
HOST:/172.30.1.254:61788
Method:GET
User-Agent:DMovie/1 CFNetwork/1209 Darwin/20.2.0
URI:/rank
[월 1월 04 02:31:36 KST 2021]
[INFO]
HOST:/172.30.1.254:62547
Method:GET
User-Agent:DMovie/1 CFNetwork/1209 Darwin/20.2.0
URI:/rank
[월 1월 04 02:47:34 KST 2021]
[INFO]
HOST:/172.30.1.254:62575
Method:GET
User-Agent:DMovie/1 CFNetwork/1209 Darwin/20.2.0
URI:/rank
[월 1월 04 02:47:58 KST 2021]
[INFO]
HOST:/172.30.1.254:63080
Method:GET
User-Agent:DMovie/1 CFNetwork/1209 Darwin/20.2.0
URI:/rank
[월 1월 04 03:01:03 KST 2021]
[INFO]
HOST:/172.30.1.254:63097
Method:POST
User-Agent:DMovie/1.0 (kenny.DMovie; build:1; iOS 14.3.0) Alamofire/5.4.0
URI:/login
[월 1월 04 03:01:25 KST 2021]
[INFO]
HOST:/0:0:0:0:0:0:0:1:63191
Method:POST
User-Agent:Rested/2009 CFNetwork/1209.1 Darwin/20.2.0
URI:/login
[월 1월 04 03:05:29 KST 2021]
[INFO]
HOST:/0:0:0:0:0:0:0:1:63228
Method:POST
User-Agent:Rested/2009 CFNetwork/1209.1 Darwin/20.2.0
URI:/login
[월 1월 04 03:06:48 KST 2021]
[INFO]
HOST:/0:0:0:0:0:0:0:1:63246
Method:POST
User-Agent:Rested/2009 CFNetwork/1209.1 Darwin/20.2.0
URI:/login
[월 1월 04 03:07:51 KST 2021]
[INFO]
HOST:/0:0:0:0:0:0:0:1:63266
Method:POST
User-Agent:Rested/2009 CFNetwork/1209.1 Darwin/20.2.0
URI:/logout
[월 1월 04 03:08:18 KST 2021]
[INFO]
HOST:/172.30.1.254:63277
Method:GET
User-Agent:DMovie/1 CFNetwork/1209 Darwin/20.2.0
URI:/rank
[월 1월 04 03:08:32 KST 2021]
[INFO]
HOST:/172.30.1.254:63287
Method:POST
User-Agent:DMovie/1.0 (kenny.DMovie; build:1; iOS 14.3.0) Alamofire/5.4.0
URI:/login
[월 1월 04 03:08:43 KST 2021]
[INFO]
HOST:/172.30.1.254:63645
Method:GET
User-Agent:DMovie/1 CFNetwork/1209 Darwin/20.2.0
URI:/rank
[월 1월 04 03:14:35 KST 2021]
[INFO]
HOST:/172.30.1.254:63645
Method:GET
User-Agent:DMovie/1 CFNetwork/1209 Darwin/20.2.0
URI:/theater
[월 1월 04 03:14:37 KST 2021]
[INFO]
HOST:/172.30.1.254:63717
Method:GET
User-Agent:DMovie/1 CFNetwork/1209 Darwin/20.2.0
URI:/rank
[월 1월 04 03:16:43 KST 2021]
[INFO]
HOST:/172.30.1.254:63717
Method:GET
User-Agent:DMovie/1 CFNetwork/1209 Darwin/20.2.0
URI:/theater
[월 1월 04 03:16:47 KST 2021]
[INFO]
HOST:/172.30.1.254:63780
Method:GET
User-Agent:DMovie/1 CFNetwork/1209 Darwin/20.2.0
URI:/rank
[월 1월 04 03:19:31 KST 2021]
[INFO]
HOST:/172.30.1.254:63780
Method:GET
User-Agent:DMovie/1 CFNetwork/1209 Darwin/20.2.0
URI:/theater
[월 1월 04 03:19:32 KST 2021]
[INFO]
HOST:/172.30.1.254:63842
Method:GET
User-Agent:DMovie/1 CFNetwork/1209 Darwin/20.2.0
URI:/rank
[월 1월 04 03:21:44 KST 2021]
[INFO]
HOST:/172.30.1.254:63842
Method:GET
User-Agent:DMovie/1 CFNetwork/1209 Darwin/20.2.0
URI:/theater
[월 1월 04 03:21:45 KST 2021]
[INFO]
HOST:/172.30.1.254:54094
Method:GET
User-Agent:DMovie/1 CFNetwork/1206 Darwin/20.1.0
URI:/rank
[월 1월 04 03:22:58 KST 2021]
[INFO]
HOST:/172.30.1.254:54094
Method:GET
User-Agent:DMovie/1 CFNetwork/1206 Darwin/20.1.0
URI:/theater
[월 1월 04 03:23:04 KST 2021]
[INFO]
HOST:/172.30.1.254:54180
Method:GET
User-Agent:DMovie/1 CFNetwork/1206 Darwin/20.1.0
URI:/rank
[월 1월 04 03:35:09 KST 2021]
[INFO]
HOST:/172.30.1.254:54180
Method:GET
User-Agent:DMovie/1 CFNetwork/1206 Darwin/20.1.0
URI:/theater
[월 1월 04 03:35:15 KST 2021]
[INFO]
HOST:/172.30.1.254:54213
Method:GET
User-Agent:DMovie/1 CFNetwork/1206 Darwin/20.1.0
URI:/rank
[월 1월 04 03:37:10 KST 2021]
[INFO]
HOST:/172.30.1.254:54213
Method:GET
User-Agent:DMovie/1 CFNetwork/1206 Darwin/20.1.0
URI:/theater
[월 1월 04 03:37:12 KST 2021]
[INFO]
HOST:/172.30.1.254:54252
Method:GET
User-Agent:DMovie/1 CFNetwork/1206 Darwin/20.1.0
URI:/rank
[월 1월 04 03:44:38 KST 2021]
[INFO]
HOST:/172.30.1.254:54262
Method:GET
User-Agent:DMovie/1 CFNetwork/1206 Darwin/20.1.0
URI:/rank
[월 1월 04 03:44:48 KST 2021]
[INFO]
HOST:/172.30.1.254:54262
Method:GET
User-Agent:DMovie/1 CFNetwork/1206 Darwin/20.1.0
URI:/theater
[월 1월 04 03:45:00 KST 2021]
[INFO]
HOST:/172.30.1.254:53785
Method:GET
User-Agent:DMovie/1 CFNetwork/1209 Darwin/20.2.0
URI:/rank
[월 1월 04 21:51:59 KST 2021]
[INFO]
HOST:/172.30.1.254:53785
Method:GET
User-Agent:DMovie/1 CFNetwork/1209 Darwin/20.2.0
URI:/theater
[월 1월 04 21:52:23 KST 2021]
[INFO]
HOST:/172.30.1.254:53978
Method:GET
User-Agent:DMovie/1 CFNetwork/1209 Darwin/20.2.0
URI:/rank
[월 1월 04 21:58:41 KST 2021]
[INFO]
HOST:/172.30.1.254:54002
Method:GET
User-Agent:DMovie/1 CFNetwork/1209 Darwin/20.2.0
URI:/theater
[월 1월 04 21:59:17 KST 2021]
[INFO]
HOST:/172.30.1.254:54197
Method:GET
User-Agent:DMovie/1 CFNetwork/1209 Darwin/20.2.0
URI:/rank
[월 1월 04 22:06:31 KST 2021]
[INFO]
HOST:/172.30.1.254:54270
Method:GET
User-Agent:DMovie/1 CFNetwork/1209 Darwin/20.2.0
URI:/rank
[월 1월 04 22:24:00 KST 2021]
[INFO]
HOST:/172.30.1.254:54314
Method:GET
User-Agent:DMovie/1 CFNetwork/1209 Darwin/20.2.0
URI:/rank
[월 1월 04 22:25:11 KST 2021]
[INFO]
HOST:/0:0:0:0:0:0:0:1:54330
Method:GET
User-Agent:Rested/2009 CFNetwork/1209.1 Darwin/20.2.0
URI:/rank
[월 1월 04 22:26:25 KST 2021]
[INFO]
HOST:/0:0:0:0:0:0:0:1:54337
Method:GET
User-Agent:Rested/2009 CFNetwork/1209.1 Darwin/20.2.0
URI:/rank
[월 1월 04 22:29:41 KST 2021]
[INFO]
HOST:/172.30.1.254:54340
Method:GET
User-Agent:DMovie/1 CFNetwork/1209 Darwin/20.2.0
URI:/rank
[월 1월 04 22:30:02 KST 2021]
[INFO]
HOST:/172.30.1.254:54416
Method:GET
User-Agent:DMovie/1 CFNetwork/1209 Darwin/20.2.0
URI:/rank
[월 1월 04 22:35:34 KST 2021]
[INFO]
HOST:/172.30.1.254:54464
Method:GET
User-Agent:DMovie/1 CFNetwork/1209 Darwin/20.2.0
URI:/rank
[월 1월 04 22:40:12 KST 2021]
[INFO]
HOST:/172.30.1.254:54491
Method:GET
User-Agent:DMovie/1 CFNetwork/1209 Darwin/20.2.0
URI:/rank
[월 1월 04 22:41:13 KST 2021]
[INFO]
HOST:/172.30.1.254:49689
Method:GET
User-Agent:DMovie/1 CFNetwork/1206 Darwin/20.1.0
URI:/rank
[월 1월 04 22:42:20 KST 2021]
[INFO]
HOST:/172.30.1.254:49694
Method:GET
User-Agent:DMovie/1 CFNetwork/1206 Darwin/20.1.0
URI:/rank
[월 1월 04 22:42:55 KST 2021]
[INFO]
HOST:/172.30.1.254:49694
Method:GET
User-Agent:DMovie/1 CFNetwork/1206 Darwin/20.1.0
URI:/theater
[월 1월 04 22:42:57 KST 2021]
[INFO]
HOST:/172.30.1.254:49729
Method:GET
User-Agent:DMovie/1 CFNetwork/1206 Darwin/20.1.0
URI:/rank
[월 1월 04 22:47:09 KST 2021]
[INFO]
HOST:/172.30.1.254:49744
Method:GET
User-Agent:DMovie/1 CFNetwork/1206 Darwin/20.1.0
URI:/rank
[월 1월 04 22:48:12 KST 2021]
[INFO]
HOST:/172.30.1.254:49744
Method:GET
User-Agent:DMovie/1 CFNetwork/1206 Darwin/20.1.0
URI:/theater
[월 1월 04 22:48:32 KST 2021]
[INFO]
HOST:/172.30.1.254:49758
Method:GET
User-Agent:DMovie/1 CFNetwork/1206 Darwin/20.1.0
URI:/rank
[월 1월 04 22:48:59 KST 2021]
[INFO]
HOST:/172.30.1.254:49758
Method:GET
User-Agent:DMovie/1 CFNetwork/1206 Darwin/20.1.0
URI:/theater
[월 1월 04 22:49:00 KST 2021]
[INFO]
HOST:/172.30.1.254:54746
Method:GET
User-Agent:DMovie/1 CFNetwork/1209 Darwin/20.2.0
URI:/rank
[월 1월 04 22:54:31 KST 2021]
[INFO]
HOST:/172.30.1.254:54769
Method:GET
User-Agent:DMovie/1 CFNetwork/1209 Darwin/20.2.0
URI:/rank
[월 1월 04 22:54:58 KST 2021]
[INFO]
HOST:/172.30.1.254:49916
Method:GET
User-Agent:DMovie/1 CFNetwork/1206 Darwin/20.1.0
URI:/rank
[월 1월 04 23:18:06 KST 2021]
[INFO]
HOST:/172.30.1.254:49916
Method:GET
User-Agent:DMovie/1 CFNetwork/1206 Darwin/20.1.0
URI:/theater
[월 1월 04 23:18:07 KST 2021]
[INFO]
HOST:/172.30.1.254:55286
Method:GET
User-Agent:DMovie/1 CFNetwork/1209 Darwin/20.2.0
URI:/rank
[월 1월 04 23:18:51 KST 2021]
[INFO]
HOST:/172.30.1.254:55359
Method:GET
User-Agent:DMovie/1 CFNetwork/1209 Darwin/20.2.0
URI:/rank
[월 1월 04 23:21:25 KST 2021]
[INFO]
HOST:/172.30.1.254:56280
Method:GET
User-Agent:DMovie/1 CFNetwork/1209 Darwin/20.2.0
URI:/rank
[화 1월 05 00:06:44 KST 2021]
[INFO]
HOST:/172.30.1.254:56349
Method:GET
User-Agent:DMovie/1 CFNetwork/1209 Darwin/20.2.0
URI:/rank
[화 1월 05 00:07:53 KST 2021]
[INFO]
HOST:/172.30.1.254:56456
Method:GET
User-Agent:DMovie/1 CFNetwork/1209 Darwin/20.2.0
URI:/rank
[화 1월 05 00:10:40 KST 2021]
[INFO]
HOST:/172.30.1.254:56597
Method:GET
User-Agent:DMovie/1 CFNetwork/1209 Darwin/20.2.0
URI:/rank
[화 1월 05 00:14:59 KST 2021]
[INFO]
HOST:/172.30.1.254:56700
Method:GET
User-Agent:DMovie/1 CFNetwork/1209 Darwin/20.2.0
URI:/rank
[화 1월 05 00:18:24 KST 2021]
[INFO]
HOST:/172.30.1.254:56884
Method:GET
User-Agent:DMovie/1 CFNetwork/1209 Darwin/20.2.0
URI:/rank
[화 1월 05 00:23:45 KST 2021]
[INFO]
HOST:/172.30.1.254:57004
Method:GET
User-Agent:DMovie/1 CFNetwork/1209 Darwin/20.2.0
URI:/rank
[화 1월 05 00:27:13 KST 2021]
[INFO]
HOST:/172.30.1.254:57048
Method:GET
User-Agent:DMovie/1 CFNetwork/1209 Darwin/20.2.0
URI:/rank
[화 1월 05 00:30:22 KST 2021]
[INFO]
HOST:/172.30.1.254:57169
Method:GET
User-Agent:DMovie/1 CFNetwork/1209 Darwin/20.2.0
URI:/rank
[화 1월 05 00:32:55 KST 2021]
[INFO]
HOST:/172.30.1.254:57462
Method:GET
User-Agent:DMovie/1 CFNetwork/1209 Darwin/20.2.0
URI:/rank
[화 1월 05 00:45:42 KST 2021]
[INFO]
HOST:/172.30.1.254:60153
Method:GET
User-Agent:DMovie/1 CFNetwork/1209 Darwin/20.2.0
URI:/rank
[화 1월 05 03:35:51 KST 2021]
[INFO]
HOST:/172.30.1.254:60555
Method:GET
User-Agent:DMovie/1 CFNetwork/1209 Darwin/20.2.0
URI:/rank
[화 1월 05 03:44:18 KST 2021]
[INFO]
HOST:/172.30.1.254:60661
Method:GET
User-Agent:DMovie/1 CFNetwork/1209 Darwin/20.2.0
URI:/rank
[화 1월 05 03:45:03 KST 2021]
[INFO]
HOST:/172.30.1.254:60833
Method:GET
User-Agent:DMovie/1 CFNetwork/1209 Darwin/20.2.0
URI:/rank
[화 1월 05 03:47:49 KST 2021]
[INFO]
HOST:/172.30.1.254:61084
Method:GET
User-Agent:Mozilla/5.0 (Macintosh; Intel Mac OS X 10_15_6) AppleWebKit/605.1.15 (KHTML, like Gecko) Version/14.0.2 Safari/605.1.15
URI:/rank
[화 1월 05 03:49:59 KST 2021]
[INFO]
HOST:/172.30.1.254:61214
Method:GET
User-Agent:DMovie/1 CFNetwork/1209 Darwin/20.2.0
URI:/rank
[화 1월 05 03:51:08 KST 2021]
[INFO]
HOST:/172.30.1.254:61893
Method:GET
User-Agent:DMovie/1 CFNetwork/1209 Darwin/20.2.0
URI:/rank
[화 1월 05 04:00:37 KST 2021]
[INFO]
HOST:/172.30.1.254:62097
Method:GET
User-Agent:DMovie/1 CFNetwork/1209 Darwin/20.2.0
URI:/rank
[화 1월 05 04:03:36 KST 2021]
[INFO]
HOST:/172.30.1.254:62128
Method:GET
User-Agent:DMovie/1 CFNetwork/1209 Darwin/20.2.0
URI:/rank
[화 1월 05 04:03:58 KST 2021]
[INFO]
HOST:/172.30.1.254:62315
Method:GET
User-Agent:DMovie/1 CFNetwork/1209 Darwin/20.2.0
URI:/rank
[화 1월 05 04:06:15 KST 2021]
[INFO]
HOST:/172.30.1.254:62499
Method:GET
User-Agent:DMovie/1 CFNetwork/1209 Darwin/20.2.0
URI:/rank
[화 1월 05 04:07:40 KST 2021]
[INFO]
HOST:/172.30.1.254:51281
Method:GET
User-Agent:DMovie/1 CFNetwork/1206 Darwin/20.1.0
URI:/rank
[화 1월 05 04:09:06 KST 2021]
[INFO]
HOST:/172.30.1.254:51285
Method:GET
User-Agent:DMovie/1 CFNetwork/1206 Darwin/20.1.0
URI:/rank
[화 1월 05 04:09:16 KST 2021]
[INFO]
HOST:/172.30.1.254:51285
Method:GET
User-Agent:DMovie/1 CFNetwork/1206 Darwin/20.1.0
URI:/theater
[화 1월 05 04:09:25 KST 2021]
[INFO]
HOST:/172.30.1.254:51354
Method:GET
User-Agent:DMovie/1 CFNetwork/1206 Darwin/20.1.0
URI:/rank
[화 1월 05 04:23:28 KST 2021]
[INFO]
HOST:/172.30.1.254:51359
Method:GET
User-Agent:DMovie/1 CFNetwork/1206 Darwin/20.1.0
URI:/rank
[화 1월 05 04:23:40 KST 2021]
[INFO]
HOST:/172.30.1.254:51387
Method:GET
User-Agent:DMovie/1 CFNetwork/1206 Darwin/20.1.0
URI:/rank
[화 1월 05 04:24:33 KST 2021]
[INFO]
HOST:/172.30.1.254:51391
Method:GET
User-Agent:DMovie/1 CFNetwork/1206 Darwin/20.1.0
URI:/rank
[화 1월 05 04:24:42 KST 2021]
[INFO]
HOST:/172.30.1.254:51559
Method:GET
User-Agent:DMovie/1 CFNetwork/1206 Darwin/20.1.0
URI:/rank
[화 1월 05 04:34:42 KST 2021]
[INFO]
HOST:/172.30.1.254:51567
Method:GET
User-Agent:DMovie/1 CFNetwork/1206 Darwin/20.1.0
URI:/rank
[화 1월 05 04:35:18 KST 2021]
[INFO]
HOST:/172.30.1.254:51567
Method:GET
User-Agent:DMovie/1 CFNetwork/1206 Darwin/20.1.0
URI:/theater
[화 1월 05 04:35:25 KST 2021]
[INFO]
HOST:/172.30.1.254:51580
Method:GET
User-Agent:DMovie/1 CFNetwork/1206 Darwin/20.1.0
URI:/rank
[화 1월 05 04:36:50 KST 2021]
[INFO]
HOST:/172.30.1.254:51580
Method:GET
User-Agent:DMovie/1 CFNetwork/1206 Darwin/20.1.0
URI:/theater
[화 1월 05 04:36:59 KST 2021]
[INFO]
HOST:/172.30.1.254:51586
Method:GET
User-Agent:DMovie/1 CFNetwork/1206 Darwin/20.1.0
URI:/rank
[화 1월 05 04:37:27 KST 2021]
[INFO]
HOST:/172.30.1.254:51593
Method:GET
User-Agent:DMovie/1 CFNetwork/1206 Darwin/20.1.0
URI:/rank
[화 1월 05 04:37:35 KST 2021]
[INFO]
HOST:/172.30.1.254:51603
Method:GET
User-Agent:DMovie/1 CFNetwork/1206 Darwin/20.1.0
URI:/rank
[화 1월 05 04:38:02 KST 2021]
[INFO]
HOST:/172.30.1.254:51614
Method:GET
User-Agent:DMovie/1 CFNetwork/1206 Darwin/20.1.0
URI:/rank
[화 1월 05 04:38:52 KST 2021]
[INFO]
HOST:/172.30.1.254:51638
Method:GET
User-Agent:DMovie/1 CFNetwork/1206 Darwin/20.1.0
URI:/rank
[화 1월 05 04:40:19 KST 2021]
[INFO]
HOST:/172.30.1.254:51650
Method:GET
User-Agent:DMovie/1 CFNetwork/1206 Darwin/20.1.0
URI:/rank
[화 1월 05 04:41:08 KST 2021]
[INFO]
HOST:/172.30.1.254:51650
Method:GET
User-Agent:DMovie/1 CFNetwork/1206 Darwin/20.1.0
URI:/theater
[화 1월 05 04:41:14 KST 2021]
[INFO]
HOST:/172.30.1.254:51655
Method:GET
User-Agent:DMovie/1 CFNetwork/1206 Darwin/20.1.0
URI:/rank
[화 1월 05 04:41:53 KST 2021]
[INFO]
HOST:/172.30.1.254:51668
Method:GET
User-Agent:DMovie/1 CFNetwork/1206 Darwin/20.1.0
URI:/rank
[화 1월 05 04:43:30 KST 2021]
[INFO]
HOST:/172.30.1.254:51678
Method:GET
User-Agent:DMovie/1 CFNetwork/1206 Darwin/20.1.0
URI:/rank
[화 1월 05 04:44:11 KST 2021]
[INFO]
HOST:/172.30.1.254:51678
Method:GET
User-Agent:DMovie/1 CFNetwork/1206 Darwin/20.1.0
URI:/theater
[화 1월 05 04:44:18 KST 2021]
[INFO]
HOST:/172.30.1.254:51713
Method:GET
User-Agent:DMovie/1 CFNetwork/1206 Darwin/20.1.0
URI:/rank
[화 1월 05 04:46:26 KST 2021]
[INFO]
HOST:/172.30.1.254:51726
Method:GET
User-Agent:DMovie/1 CFNetwork/1206 Darwin/20.1.0
URI:/rank
[화 1월 05 04:47:28 KST 2021]
[INFO]
HOST:/172.30.1.254:51738
Method:GET
User-Agent:DMovie/1 CFNetwork/1206 Darwin/20.1.0
URI:/rank
[화 1월 05 04:48:33 KST 2021]
[INFO]
HOST:/172.30.1.254:51751
Method:GET
User-Agent:DMovie/1 CFNetwork/1206 Darwin/20.1.0
URI:/rank
[화 1월 05 04:49:44 KST 2021]
[INFO]
HOST:/172.30.1.254:51790
Method:GET
User-Agent:DMovie/1 CFNetwork/1206 Darwin/20.1.0
URI:/theater
[화 1월 05 04:49:50 KST 2021]
[INFO]
HOST:/172.30.1.254:51863
Method:GET
User-Agent:DMovie/1 CFNetwork/1206 Darwin/20.1.0
URI:/rank
[화 1월 05 04:51:04 KST 2021]
[INFO]
HOST:/172.30.1.254:51901
Method:GET
User-Agent:DMovie/1 CFNetwork/1206 Darwin/20.1.0
URI:/rank
[화 1월 05 04:52:27 KST 2021]
[INFO]
HOST:/172.30.1.254:51919
Method:GET
User-Agent:DMovie/1 CFNetwork/1206 Darwin/20.1.0
URI:/rank
[화 1월 05 04:54:12 KST 2021]
[INFO]
HOST:/172.30.1.254:54453
Method:GET
User-Agent:DMovie/1 CFNetwork/1206 Darwin/20.1.0
URI:/rank
[화 1월 05 14:05:47 KST 2021]
[INFO]
HOST:/172.30.1.254:54453
Method:GET
User-Agent:DMovie/1 CFNetwork/1206 Darwin/20.1.0
URI:/theater
[화 1월 05 14:05:52 KST 2021]
[INFO]
HOST:/172.30.1.254:54460
Method:GET
User-Agent:DMovie/1 CFNetwork/1206 Darwin/20.1.0
URI:/rank
[화 1월 05 14:06:01 KST 2021]
[INFO]
HOST:/172.30.1.254:54460
Method:GET
User-Agent:DMovie/1 CFNetwork/1206 Darwin/20.1.0
URI:/theater
[화 1월 05 14:06:11 KST 2021]
[INFO]
HOST:/172.30.1.254:54463
Method:POST
User-Agent:DMovie/1.0 (kenny.DMovie; build:1; iOS 14.2.0) Alamofire/5.4.0
URI:/login
[화 1월 05 14:06:59 KST 2021]
[INFO]
HOST:/172.30.1.254:54466
Method:GET
User-Agent:DMovie/1 CFNetwork/1206 Darwin/20.1.0
URI:/rank
[화 1월 05 14:07:17 KST 2021]
[INFO]
HOST:/172.30.1.254:54474
Method:GET
User-Agent:DMovie/1 CFNetwork/1206 Darwin/20.1.0
URI:/rank
[화 1월 05 14:08:45 KST 2021]
[INFO]
HOST:/172.30.1.254:54480
Method:GET
User-Agent:DMovie/1 CFNetwork/1206 Darwin/20.1.0
URI:/rank
[화 1월 05 14:09:38 KST 2021]
[INFO]
HOST:/172.30.1.254:54746
Method:GET
User-Agent:DMovie/1 CFNetwork/1206 Darwin/20.1.0
URI:/rank
[화 1월 05 14:18:44 KST 2021]
[INFO]
HOST:/172.30.1.254:54754
Method:GET
User-Agent:DMovie/1 CFNetwork/1206 Darwin/20.1.0
URI:/rank
[화 1월 05 14:19:10 KST 2021]
[INFO]
HOST:/172.30.1.254:54789
Method:GET
User-Agent:DMovie/1 CFNetwork/1206 Darwin/20.1.0
URI:/theater
[화 1월 05 14:19:42 KST 2021]
[INFO]
HOST:/172.30.1.254:54900
Method:GET
User-Agent:DMovie/1 CFNetwork/1206 Darwin/20.1.0
URI:/rank
[화 1월 05 14:22:10 KST 2021]
[INFO]
HOST:/172.30.1.254:55017
Method:GET
User-Agent:DMovie/1 CFNetwork/1206 Darwin/20.1.0
URI:/rank
[화 1월 05 14:50:17 KST 2021]
[INFO]
HOST:/175.223.39.133:46790
Method:GET
User-Agent:DMovie/1 CFNetwork/1206 Darwin/20.1.0
URI:/rank
[화 1월 05 16:22:05 KST 2021]
[INFO]
HOST:/175.223.39.133:48605
Method:GET
User-Agent:DMovie/1 CFNetwork/1206 Darwin/20.1.0
URI:/rank
[화 1월 05 16:22:14 KST 2021]
[INFO]
HOST:/175.223.39.133:59923
Method:GET
User-Agent:DMovie/1 CFNetwork/1206 Darwin/20.1.0
URI:/rank
[화 1월 05 16:24:21 KST 2021]
[INFO]
HOST:/175.223.39.133:22959
Method:GET
User-Agent:DMovie/1 CFNetwork/1206 Darwin/20.1.0
URI:/theater
[화 1월 05 16:24:24 KST 2021]
[INFO]
HOST:/175.193.177.133:63292
Method:GET
User-Agent:DMovie/1 CFNetwork/1206 Darwin/20.1.0
URI:/rank
[화 1월 05 16:28:18 KST 2021]
[INFO]
HOST:/172.30.1.254:52119
Method:GET
User-Agent:DMovie/1 CFNetwork/1206 Darwin/20.1.0
URI:/rank
[수 1월 06 22:33:42 KST 2021]
[INFO]
HOST:/172.30.1.254:55833
Method:GET
User-Agent:DMovie/1 CFNetwork/1209 Darwin/20.2.0
URI:/rank
[수 1월 06 22:40:23 KST 2021]
[INFO]
HOST:/172.30.1.254:55833
Method:GET
User-Agent:DMovie/1 CFNetwork/1209 Darwin/20.2.0
URI:/theater
[수 1월 06 22:40:31 KST 2021]
[INFO]
HOST:/172.30.1.254:55898
Method:GET
User-Agent:DMovie/1 CFNetwork/1209 Darwin/20.2.0
URI:/rank
[수 1월 06 22:42:37 KST 2021]
[INFO]
HOST:/172.30.1.254:55989
Method:GET
User-Agent:DMovie/1 CFNetwork/1209 Darwin/20.2.0
URI:/rank
[수 1월 06 22:45:43 KST 2021]
[INFO]
HOST:/172.30.1.254:56030
Method:GET
User-Agent:DMovie/1 CFNetwork/1209 Darwin/20.2.0
URI:/rank
[수 1월 06 22:47:12 KST 2021]
[INFO]
HOST:/172.30.1.254:56095
Method:GET
User-Agent:DMovie/1 CFNetwork/1209 Darwin/20.2.0
URI:/rank
[수 1월 06 22:48:53 KST 2021]
[INFO]
HOST:/172.30.1.254:56246
Method:GET
User-Agent:DMovie/1 CFNetwork/1209 Darwin/20.2.0
URI:/rank
[수 1월 06 22:52:23 KST 2021]
[INFO]
HOST:/172.30.1.254:56288
Method:GET
User-Agent:DMovie/1 CFNetwork/1209 Darwin/20.2.0
URI:/rank
[수 1월 06 22:53:58 KST 2021]
[INFO]
HOST:/172.30.1.254:56288
Method:GET
User-Agent:DMovie/1 CFNetwork/1209 Darwin/20.2.0
URI:/theater
[수 1월 06 22:54:05 KST 2021]
[INFO]
HOST:/172.30.1.254:56461
Method:GET
User-Agent:DMovie/1 CFNetwork/1209 Darwin/20.2.0
URI:/rank
[수 1월 06 23:07:30 KST 2021]
[INFO]
HOST:/172.30.1.254:56461
Method:GET
User-Agent:DMovie/1 CFNetwork/1209 Darwin/20.2.0
URI:/theater
[수 1월 06 23:07:43 KST 2021]
[INFO]
HOST:/172.30.1.254:56476
Method:GET
User-Agent:DMovie/1 CFNetwork/1209 Darwin/20.2.0
URI:/rank
[수 1월 06 23:08:07 KST 2021]
[INFO]
HOST:/172.30.1.254:56760
Method:GET
User-Agent:DMovie/1 CFNetwork/1209 Darwin/20.2.0
URI:/rank
[수 1월 06 23:13:12 KST 2021]
[INFO]
HOST:/172.30.1.254:56760
Method:GET
User-Agent:DMovie/1 CFNetwork/1209 Darwin/20.2.0
URI:/theater
[수 1월 06 23:13:14 KST 2021]
[INFO]
HOST:/172.30.1.254:56812
Method:GET
User-Agent:DMovie/1 CFNetwork/1209 Darwin/20.2.0
URI:/rank
[수 1월 06 23:14:21 KST 2021]
[INFO]
HOST:/172.30.1.254:56812
Method:GET
User-Agent:DMovie/1 CFNetwork/1209 Darwin/20.2.0
URI:/theater
[수 1월 06 23:14:24 KST 2021]
[INFO]
HOST:/172.30.1.254:56921
Method:GET
User-Agent:DMovie/1 CFNetwork/1209 Darwin/20.2.0
URI:/rank
[수 1월 06 23:16:52 KST 2021]
[INFO]
HOST:/172.30.1.254:56921
Method:GET
User-Agent:DMovie/1 CFNetwork/1209 Darwin/20.2.0
URI:/theater
[수 1월 06 23:16:54 KST 2021]
[INFO]
HOST:/172.30.1.254:52362
Method:GET
User-Agent:DMovie/1 CFNetwork/1206 Darwin/20.1.0
URI:/rank
[수 1월 06 23:17:39 KST 2021]
[INFO]
HOST:/172.30.1.254:52362
Method:GET
User-Agent:DMovie/1 CFNetwork/1206 Darwin/20.1.0
URI:/theater
[수 1월 06 23:17:44 KST 2021]
[INFO]
HOST:/172.30.1.254:52425
Method:GET
User-Agent:DMovie/1 CFNetwork/1206 Darwin/20.1.0
URI:/rank
[수 1월 06 23:22:44 KST 2021]
[INFO]
HOST:/172.30.1.254:52425
Method:GET
User-Agent:DMovie/1 CFNetwork/1206 Darwin/20.1.0
URI:/theater
[수 1월 06 23:22:46 KST 2021]
[INFO]
HOST:/172.30.1.254:57200
Method:GET
User-Agent:DMovie/1 CFNetwork/1209 Darwin/20.2.0
URI:/rank
[수 1월 06 23:25:34 KST 2021]
[INFO]
HOST:/172.30.1.254:57200
Method:GET
User-Agent:DMovie/1 CFNetwork/1209 Darwin/20.2.0
URI:/theater
[수 1월 06 23:25:42 KST 2021]
[INFO]
HOST:/172.30.1.254:57322
Method:GET
User-Agent:DMovie/1 CFNetwork/1209 Darwin/20.2.0
URI:/rank
[수 1월 06 23:31:19 KST 2021]
[INFO]
HOST:/172.30.1.254:57357
Method:GET
User-Agent:DMovie/1 CFNetwork/1209 Darwin/20.2.0
URI:/rank
[수 1월 06 23:31:58 KST 2021]
[INFO]
HOST:/172.30.1.254:57385
Method:GET
User-Agent:DMovie/1 CFNetwork/1209 Darwin/20.2.0
URI:/rank
[수 1월 06 23:32:48 KST 2021]
[INFO]
HOST:/172.30.1.254:57422
Method:GET
User-Agent:DMovie/1 CFNetwork/1209 Darwin/20.2.0
URI:/rank
[수 1월 06 23:33:52 KST 2021]
[INFO]
HOST:/172.30.1.254:57450
Method:GET
User-Agent:DMovie/1 CFNetwork/1209 Darwin/20.2.0
URI:/rank
[수 1월 06 23:34:50 KST 2021]
[INFO]
HOST:/172.30.1.254:57475
Method:GET
User-Agent:DMovie/1 CFNetwork/1209 Darwin/20.2.0
URI:/rank
[수 1월 06 23:35:41 KST 2021]
[INFO]
HOST:/172.30.1.254:57508
Method:GET
User-Agent:DMovie/1 CFNetwork/1209 Darwin/20.2.0
URI:/rank
[수 1월 06 23:36:40 KST 2021]
[INFO]
HOST:/172.30.1.254:52494
Method:GET
User-Agent:DMovie/1 CFNetwork/1206 Darwin/20.1.0
URI:/rank
[수 1월 06 23:37:32 KST 2021]
[INFO]
HOST:/172.30.1.254:52494
Method:GET
User-Agent:DMovie/1 CFNetwork/1206 Darwin/20.1.0
URI:/theater
[수 1월 06 23:37:39 KST 2021]
[INFO]
HOST:/172.30.1.254:57692
Method:GET
User-Agent:DMovie/1 CFNetwork/1209 Darwin/20.2.0
URI:/rank
[수 1월 06 23:41:02 KST 2021]
[INFO]
HOST:/172.30.1.254:57692
Method:GET
User-Agent:DMovie/1 CFNetwork/1209 Darwin/20.2.0
URI:/theater
[수 1월 06 23:41:09 KST 2021]
[INFO]
HOST:/172.30.1.254:57779
Method:GET
User-Agent:DMovie/1 CFNetwork/1209 Darwin/20.2.0
URI:/rank
[수 1월 06 23:44:15 KST 2021]
[INFO]
HOST:/172.30.1.254:57779
Method:GET
User-Agent:DMovie/1 CFNetwork/1209 Darwin/20.2.0
URI:/theater
[수 1월 06 23:44:16 KST 2021]
[INFO]
HOST:/172.30.1.254:52582
Method:GET
User-Agent:DMovie/1 CFNetwork/1206 Darwin/20.1.0
URI:/rank
[수 1월 06 23:48:06 KST 2021]
[INFO]
HOST:/172.30.1.254:52582
Method:GET
User-Agent:DMovie/1 CFNetwork/1206 Darwin/20.1.0
URI:/theater
[수 1월 06 23:48:14 KST 2021]
[INFO]
HOST:/172.30.1.254:52667
Method:GET
User-Agent:DMovie/1 CFNetwork/1206 Darwin/20.1.0
URI:/rank
[목 1월 07 00:02:12 KST 2021]
[INFO]
HOST:/172.30.1.254:52667
Method:GET
User-Agent:DMovie/1 CFNetwork/1206 Darwin/20.1.0
URI:/theater
[목 1월 07 00:02:14 KST 2021]
[INFO]
HOST:/172.30.1.254:52674
Method:GET
User-Agent:DMovie/1 CFNetwork/1206 Darwin/20.1.0
URI:/rank
[목 1월 07 00:02:40 KST 2021]
[INFO]
HOST:/172.30.1.254:52674
Method:GET
User-Agent:DMovie/1 CFNetwork/1206 Darwin/20.1.0
URI:/theater
[목 1월 07 00:02:42 KST 2021]
[INFO]
HOST:/172.30.1.254:52710
Method:GET
User-Agent:DMovie/1 CFNetwork/1206 Darwin/20.1.0
URI:/rank
[목 1월 07 00:06:37 KST 2021]
[INFO]
HOST:/172.30.1.254:52710
Method:GET
User-Agent:DMovie/1 CFNetwork/1206 Darwin/20.1.0
URI:/theater
[목 1월 07 00:06:39 KST 2021]
[INFO]
HOST:/172.30.1.254:52725
Method:GET
User-Agent:DMovie/1 CFNetwork/1206 Darwin/20.1.0
URI:/rank
[목 1월 07 00:07:33 KST 2021]
[INFO]
HOST:/172.30.1.254:52725
Method:GET
User-Agent:DMovie/1 CFNetwork/1206 Darwin/20.1.0
URI:/theater
[목 1월 07 00:07:34 KST 2021]
[INFO]
HOST:/172.30.1.254:52828
Method:GET
User-Agent:DMovie/1 CFNetwork/1206 Darwin/20.1.0
URI:/rank
[목 1월 07 00:15:33 KST 2021]
[INFO]
HOST:/172.30.1.254:52828
Method:GET
User-Agent:DMovie/1 CFNetwork/1206 Darwin/20.1.0
URI:/theater
[목 1월 07 00:15:38 KST 2021]
[INFO]
HOST:/172.30.1.254:52847
Method:GET
User-Agent:DMovie/1 CFNetwork/1206 Darwin/20.1.0
URI:/rank
[목 1월 07 00:17:23 KST 2021]
[INFO]
HOST:/172.30.1.254:52847
Method:GET
User-Agent:DMovie/1 CFNetwork/1206 Darwin/20.1.0
URI:/theater
[목 1월 07 00:17:28 KST 2021]
[INFO]
HOST:/172.30.1.254:52859
Method:GET
User-Agent:DMovie/1 CFNetwork/1206 Darwin/20.1.0
URI:/rank
[목 1월 07 00:18:07 KST 2021]
[INFO]
HOST:/172.30.1.254:52859
Method:GET
User-Agent:DMovie/1 CFNetwork/1206 Darwin/20.1.0
URI:/theater
[목 1월 07 00:18:11 KST 2021]
[INFO]
HOST:/172.30.1.254:52886
Method:GET
User-Agent:DMovie/1 CFNetwork/1206 Darwin/20.1.0
URI:/rank
[목 1월 07 00:18:58 KST 2021]
[INFO]
HOST:/172.30.1.254:52886
Method:GET
User-Agent:DMovie/1 CFNetwork/1206 Darwin/20.1.0
URI:/theater
[목 1월 07 00:19:01 KST 2021]
[INFO]
HOST:/172.30.1.254:52946
Method:GET
User-Agent:DMovie/1 CFNetwork/1206 Darwin/20.1.0
URI:/rank
[목 1월 07 00:24:56 KST 2021]
[INFO]
HOST:/172.30.1.254:52946
Method:GET
User-Agent:DMovie/1 CFNetwork/1206 Darwin/20.1.0
URI:/theater
[목 1월 07 00:24:58 KST 2021]
[INFO]
HOST:/172.30.1.254:52975
Method:GET
User-Agent:DMovie/1 CFNetwork/1206 Darwin/20.1.0
URI:/rank
[목 1월 07 00:27:08 KST 2021]
[INFO]
HOST:/172.30.1.254:52975
Method:GET
User-Agent:DMovie/1 CFNetwork/1206 Darwin/20.1.0
URI:/theater
[목 1월 07 00:27:09 KST 2021]
[INFO]
HOST:/172.30.1.254:52987
Method:GET
User-Agent:DMovie/1 CFNetwork/1206 Darwin/20.1.0
URI:/rank
[목 1월 07 00:27:34 KST 2021]
[INFO]
HOST:/172.30.1.254:52987
Method:GET
User-Agent:DMovie/1 CFNetwork/1206 Darwin/20.1.0
URI:/theater
[목 1월 07 00:27:36 KST 2021]
[INFO]
HOST:/172.30.1.254:53000
Method:GET
User-Agent:DMovie/1 CFNetwork/1206 Darwin/20.1.0
URI:/rank
[목 1월 07 00:28:40 KST 2021]
[INFO]
HOST:/172.30.1.254:53000
Method:GET
User-Agent:DMovie/1 CFNetwork/1206 Darwin/20.1.0
URI:/theater
[목 1월 07 00:28:42 KST 2021]
[INFO]
HOST:/172.30.1.254:53013
Method:GET
User-Agent:DMovie/1 CFNetwork/1206 Darwin/20.1.0
URI:/rank
[목 1월 07 00:29:45 KST 2021]
[INFO]
HOST:/172.30.1.254:53013
Method:GET
User-Agent:DMovie/1 CFNetwork/1206 Darwin/20.1.0
URI:/theater
[목 1월 07 00:29:46 KST 2021]
[INFO]
HOST:/172.30.1.254:58771
Method:GET
User-Agent:DMovie/1 CFNetwork/1209 Darwin/20.2.0
URI:/rank
[목 1월 07 00:30:17 KST 2021]
[INFO]
HOST:/172.30.1.254:58771
Method:GET
User-Agent:DMovie/1 CFNetwork/1209 Darwin/20.2.0
URI:/theater
[목 1월 07 00:30:19 KST 2021]
[INFO]
HOST:/172.30.1.254:58821
Method:GET
User-Agent:DMovie/1 CFNetwork/1209 Darwin/20.2.0
URI:/rank
[목 1월 07 00:31:50 KST 2021]
[INFO]
HOST:/172.30.1.254:58821
Method:GET
User-Agent:DMovie/1 CFNetwork/1209 Darwin/20.2.0
URI:/theater
[목 1월 07 00:31:53 KST 2021]
[INFO]
HOST:/172.30.1.254:59364
Method:GET
User-Agent:DMovie/1 CFNetwork/1209 Darwin/20.2.0
URI:/rank
[목 1월 07 00:40:27 KST 2021]
[INFO]
HOST:/172.30.1.254:59364
Method:GET
User-Agent:DMovie/1 CFNetwork/1209 Darwin/20.2.0
URI:/theater
[목 1월 07 00:40:31 KST 2021]
[INFO]
HOST:/172.30.1.254:59517
Method:GET
User-Agent:DMovie/1 CFNetwork/1209 Darwin/20.2.0
URI:/rank
[목 1월 07 00:42:28 KST 2021]
[INFO]
HOST:/172.30.1.254:59517
Method:GET
User-Agent:DMovie/1 CFNetwork/1209 Darwin/20.2.0
URI:/theater
[목 1월 07 00:42:29 KST 2021]
[INFO]
HOST:/172.30.1.254:59564
Method:GET
User-Agent:DMovie/1 CFNetwork/1209 Darwin/20.2.0
URI:/rank
[목 1월 07 00:43:30 KST 2021]
[INFO]
HOST:/172.30.1.254:59564
Method:GET
User-Agent:DMovie/1 CFNetwork/1209 Darwin/20.2.0
URI:/theater
[목 1월 07 00:43:31 KST 2021]
[INFO]
HOST:/172.30.1.254:59610
Method:GET
User-Agent:DMovie/1 CFNetwork/1209 Darwin/20.2.0
URI:/rank
[목 1월 07 00:45:00 KST 2021]
[INFO]
HOST:/172.30.1.254:53169
Method:GET
User-Agent:DMovie/1 CFNetwork/1206 Darwin/20.1.0
URI:/rank
[목 1월 07 00:45:29 KST 2021]
[INFO]
HOST:/172.30.1.254:53169
Method:GET
User-Agent:DMovie/1 CFNetwork/1206 Darwin/20.1.0
URI:/theater
[목 1월 07 00:45:31 KST 2021]
[INFO]
HOST:/172.30.1.254:53180
Method:GET
User-Agent:DMovie/1 CFNetwork/1206 Darwin/20.1.0
URI:/rank
[목 1월 07 00:46:23 KST 2021]
[INFO]
HOST:/172.30.1.254:53180
Method:GET
User-Agent:DMovie/1 CFNetwork/1206 Darwin/20.1.0
URI:/theater
[목 1월 07 00:46:27 KST 2021]
[INFO]
HOST:/172.30.1.254:53232
Method:GET
User-Agent:DMovie/1 CFNetwork/1206 Darwin/20.1.0
URI:/rank
[목 1월 07 00:49:06 KST 2021]
[INFO]
HOST:/172.30.1.254:53232
Method:GET
User-Agent:DMovie/1 CFNetwork/1206 Darwin/20.1.0
URI:/theater
[목 1월 07 00:49:07 KST 2021]
[INFO]
HOST:/172.30.1.254:53244
Method:GET
User-Agent:DMovie/1 CFNetwork/1206 Darwin/20.1.0
URI:/rank
[목 1월 07 00:50:03 KST 2021]
[INFO]
HOST:/172.30.1.254:53244
Method:GET
User-Agent:DMovie/1 CFNetwork/1206 Darwin/20.1.0
URI:/theater
[목 1월 07 00:50:05 KST 2021]
[INFO]
HOST:/172.30.1.254:53250
Method:GET
User-Agent:DMovie/1 CFNetwork/1206 Darwin/20.1.0
URI:/rank
[목 1월 07 00:50:27 KST 2021]
[INFO]
HOST:/172.30.1.254:53250
Method:GET
User-Agent:DMovie/1 CFNetwork/1206 Darwin/20.1.0
URI:/theater
[목 1월 07 00:50:28 KST 2021]
[INFO]
HOST:/172.30.1.254:53260
Method:GET
User-Agent:DMovie/1 CFNetwork/1206 Darwin/20.1.0
URI:/rank
[목 1월 07 00:50:53 KST 2021]
[INFO]
HOST:/172.30.1.254:53260
Method:GET
User-Agent:DMovie/1 CFNetwork/1206 Darwin/20.1.0
URI:/theater
[목 1월 07 00:50:54 KST 2021]
[INFO]
HOST:/172.30.1.254:53297
Method:GET
User-Agent:DMovie/1 CFNetwork/1206 Darwin/20.1.0
URI:/rank
[목 1월 07 00:54:12 KST 2021]
[INFO]
HOST:/172.30.1.254:53297
Method:GET
User-Agent:DMovie/1 CFNetwork/1206 Darwin/20.1.0
URI:/theater
[목 1월 07 00:54:17 KST 2021]
[INFO]
HOST:/172.30.1.254:53346
Method:GET
User-Agent:DMovie/1 CFNetwork/1206 Darwin/20.1.0
URI:/rank
[목 1월 07 00:56:07 KST 2021]
[INFO]
HOST:/172.30.1.254:53346
Method:GET
User-Agent:DMovie/1 CFNetwork/1206 Darwin/20.1.0
URI:/theater
[목 1월 07 00:56:08 KST 2021]
[INFO]
HOST:/172.30.1.254:53383
Method:GET
User-Agent:DMovie/1 CFNetwork/1206 Darwin/20.1.0
URI:/rank
[목 1월 07 00:59:04 KST 2021]
[INFO]
HOST:/172.30.1.254:53383
Method:GET
User-Agent:DMovie/1 CFNetwork/1206 Darwin/20.1.0
URI:/theater
[목 1월 07 00:59:06 KST 2021]
[INFO]
HOST:/172.30.1.254:53397
Method:GET
User-Agent:DMovie/1 CFNetwork/1206 Darwin/20.1.0
URI:/rank
[목 1월 07 01:00:52 KST 2021]
[INFO]
HOST:/172.30.1.254:53397
Method:GET
User-Agent:DMovie/1 CFNetwork/1206 Darwin/20.1.0
URI:/theater
[목 1월 07 01:00:53 KST 2021]
[INFO]
HOST:/172.30.1.254:53416
Method:GET
User-Agent:DMovie/1 CFNetwork/1206 Darwin/20.1.0
URI:/rank
[목 1월 07 01:02:11 KST 2021]
[INFO]
HOST:/172.30.1.254:53416
Method:GET
User-Agent:DMovie/1 CFNetwork/1206 Darwin/20.1.0
URI:/theater
[목 1월 07 01:02:12 KST 2021]
[INFO]
HOST:/172.30.1.254:53428
Method:GET
User-Agent:DMovie/1 CFNetwork/1206 Darwin/20.1.0
URI:/rank
[목 1월 07 01:03:29 KST 2021]
[INFO]
HOST:/172.30.1.254:53428
Method:GET
User-Agent:DMovie/1 CFNetwork/1206 Darwin/20.1.0
URI:/theater
[목 1월 07 01:03:31 KST 2021]
[INFO]
HOST:/172.30.1.254:53433
Method:GET
User-Agent:DMovie/1 CFNetwork/1206 Darwin/20.1.0
URI:/rank
[목 1월 07 01:03:56 KST 2021]
[INFO]
HOST:/172.30.1.254:53469
Method:GET
User-Agent:DMovie/1 CFNetwork/1206 Darwin/20.1.0
URI:/rank
[목 1월 07 01:07:01 KST 2021]
[INFO]
HOST:/172.30.1.254:53469
Method:GET
User-Agent:DMovie/1 CFNetwork/1206 Darwin/20.1.0
URI:/theater
[목 1월 07 01:07:02 KST 2021]
[INFO]
HOST:/172.30.1.254:53491
Method:GET
User-Agent:DMovie/1 CFNetwork/1206 Darwin/20.1.0
URI:/rank
[목 1월 07 01:09:12 KST 2021]
[INFO]
HOST:/172.30.1.254:53497
Method:GET
User-Agent:DMovie/1 CFNetwork/1206 Darwin/20.1.0
URI:/rank
[목 1월 07 01:09:38 KST 2021]
[INFO]
HOST:/172.30.1.254:53509
Method:GET
User-Agent:DMovie/1 CFNetwork/1206 Darwin/20.1.0
URI:/rank
[목 1월 07 01:11:56 KST 2021]
[INFO]
HOST:/172.30.1.254:53525
Method:GET
User-Agent:DMovie/1 CFNetwork/1206 Darwin/20.1.0
URI:/rank
[목 1월 07 01:13:31 KST 2021]
[INFO]
HOST:/172.30.1.254:53555
Method:GET
User-Agent:DMovie/1 CFNetwork/1206 Darwin/20.1.0
URI:/rank
[목 1월 07 01:15:42 KST 2021]
[INFO]
HOST:/172.30.1.254:53560
Method:GET
User-Agent:DMovie/1 CFNetwork/1206 Darwin/20.1.0
URI:/rank
[목 1월 07 01:15:57 KST 2021]
[INFO]
HOST:/172.30.1.254:53560
Method:GET
User-Agent:DMovie/1 CFNetwork/1206 Darwin/20.1.0
URI:/theater
[목 1월 07 01:16:04 KST 2021]
<?xml version="1.0" encoding="UTF-8" standalone="no"?>
<!DOCTYPE log SYSTEM "logger.dtd">
<log>
</log>
[INFO]
HOST:/0:0:0:0:0:0:0:1:51355
Method:GET
User-Agent:Rested/2009 CFNetwork/1209.1 Darwin/20.2.0
URI:/theater
[목 1월 07 02:49:07 KST 2021]
[INFO]
HOST:/0:0:0:0:0:0:0:1:52815
Method:GET
User-Agent:Rested/2009 CFNetwork/1209.1 Darwin/20.2.0
URI:/theater
[목 1월 07 02:53:46 KST 2021]
[INFO]
HOST:/172.30.1.254:53859
Method:GET
User-Agent:DMovie/1 CFNetwork/1206 Darwin/20.1.0
URI:/rank
[목 1월 07 03:10:26 KST 2021]
[INFO]
HOST:/172.30.1.254:53859
Method:GET
User-Agent:DMovie/1 CFNetwork/1206 Darwin/20.1.0
URI:/theater
[목 1월 07 03:10:27 KST 2021]
[INFO]
HOST:/172.30.1.254:53906
Method:GET
User-Agent:DMovie/1 CFNetwork/1206 Darwin/20.1.0
URI:/rank
[목 1월 07 03:15:02 KST 2021]
[INFO]
HOST:/172.30.1.254:53906
Method:GET
User-Agent:DMovie/1 CFNetwork/1206 Darwin/20.1.0
URI:/theater
[목 1월 07 03:15:04 KST 2021]
[INFO]
HOST:/172.30.1.254:53941
Method:GET
User-Agent:DMovie/1 CFNetwork/1206 Darwin/20.1.0
URI:/rank
[목 1월 07 03:15:44 KST 2021]
[INFO]
HOST:/172.30.1.254:53941
Method:GET
User-Agent:DMovie/1 CFNetwork/1206 Darwin/20.1.0
URI:/theater
[목 1월 07 03:15:45 KST 2021]
[INFO]
HOST:/172.30.1.254:54017
Method:GET
User-Agent:DMovie/1 CFNetwork/1206 Darwin/20.1.0
URI:/rank
[목 1월 07 03:20:07 KST 2021]
[INFO]
HOST:/172.30.1.254:54017
Method:GET
User-Agent:DMovie/1 CFNetwork/1206 Darwin/20.1.0
URI:/theater
[목 1월 07 03:20:09 KST 2021]
[INFO]
HOST:/172.30.1.254:54063
Method:GET
User-Agent:DMovie/1 CFNetwork/1206 Darwin/20.1.0
URI:/rank
[목 1월 07 03:24:56 KST 2021]
[INFO]
HOST:/172.30.1.254:54063
Method:GET
User-Agent:DMovie/1 CFNetwork/1206 Darwin/20.1.0
URI:/theater
[목 1월 07 03:24:58 KST 2021]
[INFO]
HOST:/172.30.1.254:54129
Method:GET
User-Agent:DMovie/1 CFNetwork/1206 Darwin/20.1.0
URI:/rank
[목 1월 07 03:30:55 KST 2021]
[INFO]
HOST:/172.30.1.254:54129
Method:GET
User-Agent:DMovie/1 CFNetwork/1206 Darwin/20.1.0
URI:/theater
[목 1월 07 03:30:56 KST 2021]
[INFO]
HOST:/172.30.1.254:54174
Method:GET
User-Agent:DMovie/1 CFNetwork/1206 Darwin/20.1.0
URI:/rank
[목 1월 07 03:32:06 KST 2021]
[INFO]
HOST:/172.30.1.254:54174
Method:GET
User-Agent:DMovie/1 CFNetwork/1206 Darwin/20.1.0
URI:/theater
[목 1월 07 03:32:07 KST 2021]
[INFO]
HOST:/172.30.1.254:54196
Method:GET
User-Agent:DMovie/1 CFNetwork/1206 Darwin/20.1.0
URI:/rank
[목 1월 07 03:38:57 KST 2021]
[INFO]
HOST:/172.30.1.254:54196
Method:GET
User-Agent:DMovie/1 CFNetwork/1206 Darwin/20.1.0
URI:/theater
[목 1월 07 03:39:00 KST 2021]
[INFO]
HOST:/172.30.1.254:54244
Method:GET
User-Agent:DMovie/1 CFNetwork/1206 Darwin/20.1.0
URI:/rank
[목 1월 07 03:44:21 KST 2021]
[INFO]
HOST:/172.30.1.254:54244
Method:GET
User-Agent:DMovie/1 CFNetwork/1206 Darwin/20.1.0
URI:/theater
[목 1월 07 03:44:30 KST 2021]
[INFO]
HOST:/172.30.1.254:54255
Method:GET
User-Agent:DMovie/1 CFNetwork/1206 Darwin/20.1.0
URI:/rank
[목 1월 07 03:44:53 KST 2021]
[INFO]
HOST:/172.30.1.254:54255
Method:GET
User-Agent:DMovie/1 CFNetwork/1206 Darwin/20.1.0
URI:/theater
[목 1월 07 03:44:54 KST 2021]
[INFO]
HOST:/172.30.1.254:54265
Method:GET
User-Agent:DMovie/1 CFNetwork/1206 Darwin/20.1.0
URI:/rank
[목 1월 07 03:47:33 KST 2021]
[INFO]
HOST:/172.30.1.254:54265
Method:GET
User-Agent:DMovie/1 CFNetwork/1206 Darwin/20.1.0
URI:/theater
[목 1월 07 03:47:34 KST 2021]
[INFO]
HOST:/172.30.1.254:54290
Method:GET
User-Agent:DMovie/1 CFNetwork/1206 Darwin/20.1.0
URI:/rank
[목 1월 07 03:50:02 KST 2021]
[INFO]
HOST:/172.30.1.254:54290
Method:GET
User-Agent:DMovie/1 CFNetwork/1206 Darwin/20.1.0
URI:/theater
[목 1월 07 03:50:03 KST 2021]
[INFO]
HOST:/172.30.1.254:54305
Method:GET
User-Agent:DMovie/1 CFNetwork/1206 Darwin/20.1.0
URI:/rank
[목 1월 07 03:51:13 KST 2021]
[INFO]
HOST:/172.30.1.254:54305
Method:GET
User-Agent:DMovie/1 CFNetwork/1206 Darwin/20.1.0
URI:/theater
[목 1월 07 03:51:15 KST 2021]
[INFO]
HOST:/172.30.1.254:54324
Method:GET
User-Agent:DMovie/1 CFNetwork/1206 Darwin/20.1.0
URI:/rank
[목 1월 07 03:53:00 KST 2021]
[INFO]
HOST:/172.30.1.254:54324
Method:GET
User-Agent:DMovie/1 CFNetwork/1206 Darwin/20.1.0
URI:/theater
[목 1월 07 03:53:01 KST 2021]
[INFO]
HOST:/172.30.1.254:54335
Method:GET
User-Agent:DMovie/1 CFNetwork/1206 Darwin/20.1.0
URI:/rank
[목 1월 07 03:53:22 KST 2021]
[INFO]
HOST:/172.30.1.254:54335
Method:GET
User-Agent:DMovie/1 CFNetwork/1206 Darwin/20.1.0
URI:/theater
[목 1월 07 03:53:23 KST 2021]
[INFO]
HOST:/172.30.1.254:59501
Method:GET
User-Agent:Rested/2009 CFNetwork/1209.1 Darwin/20.2.0
URI:/rank
[목 1월 07 23:06:44 KST 2021]
[INFO]
HOST:/127.0.0.1:62358
Method:GET
User-Agent:Rested/2009 CFNetwork/1209.1 Darwin/20.2.0
URI:/rank
[금 1월 08 04:24:49 KST 2021]
[INFO]
HOST:/172.30.1.254:55981
Method:GET
User-Agent:DMovie/1 CFNetwork/1206 Darwin/20.1.0
URI:/rank
[금 1월 08 04:28:55 KST 2021]
[INFO]
HOST:/172.30.1.254:55981
Method:GET
User-Agent:DMovie/1 CFNetwork/1206 Darwin/20.1.0
URI:/theater
[금 1월 08 04:29:08 KST 2021]
[INFO]
HOST:/127.0.0.1:62736
Method:GET
User-Agent:Mozilla/5.0 (Macintosh; Intel Mac OS X 10_15_6) AppleWebKit/605.1.15 (KHTML, like Gecko) Version/14.0.2 Safari/605.1.15
URI:/rank
[금 1월 08 04:31:29 KST 2021]
[INFO]
HOST:/127.0.0.1:62736
Method:GET
User-Agent:Mozilla/5.0 (Macintosh; Intel Mac OS X 10_15_6) AppleWebKit/605.1.15 (KHTML, like Gecko) Version/14.0.2 Safari/605.1.15
URI:/rank
[금 1월 08 04:32:19 KST 2021]
[INFO]
HOST:/172.30.1.254:57579
Method:GET
User-Agent:DMovie/1 CFNetwork/1206 Darwin/20.1.0
URI:/rank
[월 1월 11 22:55:40 KST 2021]
[INFO]
HOST:/172.30.1.254:57579
Method:GET
User-Agent:DMovie/1 CFNetwork/1206 Darwin/20.1.0
URI:/theater
[월 1월 11 22:55:47 KST 2021]
[INFO]
HOST:/172.30.1.254:57588
Method:POST
User-Agent:DMovie/1.0 (kenny.DMovie; build:1; iOS 14.2.0) Alamofire/5.4.0
URI:/login
[월 1월 11 22:56:35 KST 2021]
[INFO]
HOST:/172.30.1.254:57623
Method:GET
User-Agent:DMovie/1 CFNetwork/1206 Darwin/20.1.0
URI:/rank
[월 1월 11 23:00:35 KST 2021]
[INFO]
HOST:/172.30.1.254:57623
Method:GET
User-Agent:DMovie/1 CFNetwork/1206 Darwin/20.1.0
URI:/theater
[월 1월 11 23:01:01 KST 2021]
[INFO]
HOST:/172.30.1.254:57673
Method:GET
User-Agent:DMovie/1 CFNetwork/1206 Darwin/20.1.0
URI:/rank
[월 1월 11 23:04:21 KST 2021]
[INFO]
HOST:/172.30.1.254:57673
Method:GET
User-Agent:DMovie/1 CFNetwork/1206 Darwin/20.1.0
URI:/theater
[월 1월 11 23:04:23 KST 2021]
[INFO]
HOST:/172.30.1.254:57698
Method:GET
User-Agent:DMovie/1 CFNetwork/1206 Darwin/20.1.0
URI:/rank
[월 1월 11 23:05:45 KST 2021]
[INFO]
HOST:/172.30.1.254:57698
Method:GET
User-Agent:DMovie/1 CFNetwork/1206 Darwin/20.1.0
URI:/theater
[월 1월 11 23:05:57 KST 2021]
[INFO]
HOST:/172.30.1.254:57774
Method:GET
User-Agent:DMovie/1 CFNetwork/1206 Darwin/20.1.0
URI:/rank
[월 1월 11 23:13:43 KST 2021]
[INFO]
HOST:/172.30.1.254:57774
Method:GET
User-Agent:DMovie/1 CFNetwork/1206 Darwin/20.1.0
URI:/theater
[월 1월 11 23:13:45 KST 2021]
[INFO]
HOST:/172.30.1.254:57795
Method:GET
User-Agent:DMovie/1 CFNetwork/1206 Darwin/20.1.0
URI:/rank
[월 1월 11 23:15:19 KST 2021]
[INFO]
HOST:/172.30.1.254:57795
Method:GET
User-Agent:DMovie/1 CFNetwork/1206 Darwin/20.1.0
URI:/theater
[월 1월 11 23:15:20 KST 2021]
[INFO]
HOST:/172.30.1.254:57822
Method:GET
User-Agent:DMovie/1 CFNetwork/1206 Darwin/20.1.0
URI:/rank
[월 1월 11 23:16:36 KST 2021]
[INFO]
HOST:/172.30.1.254:57822
Method:GET
User-Agent:DMovie/1 CFNetwork/1206 Darwin/20.1.0
URI:/theater
[월 1월 11 23:16:37 KST 2021]
[INFO]
HOST:/172.30.1.254:57846
Method:GET
User-Agent:DMovie/1 CFNetwork/1206 Darwin/20.1.0
URI:/rank
[월 1월 11 23:23:00 KST 2021]
[INFO]
HOST:/172.30.1.254:57846
Method:GET
User-Agent:DMovie/1 CFNetwork/1206 Darwin/20.1.0
URI:/theater
[월 1월 11 23:23:01 KST 2021]
[INFO]
HOST:/172.30.1.254:57881
Method:GET
User-Agent:DMovie/1 CFNetwork/1206 Darwin/20.1.0
URI:/rank
[월 1월 11 23:25:34 KST 2021]
[INFO]
HOST:/172.30.1.254:57881
Method:GET
User-Agent:DMovie/1 CFNetwork/1206 Darwin/20.1.0
URI:/theater
[월 1월 11 23:25:35 KST 2021]
[INFO]
HOST:/172.30.1.254:57926
Method:GET
User-Agent:DMovie/1 CFNetwork/1206 Darwin/20.1.0
URI:/rank
[월 1월 11 23:31:00 KST 2021]
[INFO]
HOST:/172.30.1.254:57926
Method:GET
User-Agent:DMovie/1 CFNetwork/1206 Darwin/20.1.0
URI:/theater
[월 1월 11 23:31:02 KST 2021]
[INFO]
HOST:/172.30.1.254:57948
Method:GET
User-Agent:DMovie/1 CFNetwork/1206 Darwin/20.1.0
URI:/rank
[월 1월 11 23:33:32 KST 2021]
[INFO]
HOST:/172.30.1.254:57948
Method:GET
User-Agent:DMovie/1 CFNetwork/1206 Darwin/20.1.0
URI:/theater
[월 1월 11 23:33:33 KST 2021]
[INFO]
HOST:/172.30.1.254:57961
Method:GET
User-Agent:DMovie/1 CFNetwork/1206 Darwin/20.1.0
URI:/rank
[월 1월 11 23:34:08 KST 2021]
[INFO]
HOST:/172.30.1.254:57961
Method:GET
User-Agent:DMovie/1 CFNetwork/1206 Darwin/20.1.0
URI:/theater
[월 1월 11 23:34:09 KST 2021]
[INFO]
HOST:/172.30.1.254:57985
Method:GET
User-Agent:DMovie/1 CFNetwork/1206 Darwin/20.1.0
URI:/rank
[월 1월 11 23:35:12 KST 2021]
[INFO]
HOST:/172.30.1.254:57985
Method:GET
User-Agent:DMovie/1 CFNetwork/1206 Darwin/20.1.0
URI:/theater
[월 1월 11 23:35:13 KST 2021]
[INFO]
HOST:/172.30.1.254:58011
Method:GET
User-Agent:DMovie/1 CFNetwork/1206 Darwin/20.1.0
URI:/rank
[월 1월 11 23:35:43 KST 2021]
[INFO]
HOST:/172.30.1.254:58011
Method:GET
User-Agent:DMovie/1 CFNetwork/1206 Darwin/20.1.0
URI:/theater
[월 1월 11 23:35:44 KST 2021]
[INFO]
HOST:/172.30.1.254:58077
Method:GET
User-Agent:DMovie/1 CFNetwork/1206 Darwin/20.1.0
URI:/rank
[월 1월 11 23:40:43 KST 2021]
[INFO]
HOST:/172.30.1.254:58077
Method:GET
User-Agent:DMovie/1 CFNetwork/1206 Darwin/20.1.0
URI:/theater
[월 1월 11 23:40:45 KST 2021]
[INFO]
HOST:/172.30.1.254:58091
Method:GET
User-Agent:DMovie/1 CFNetwork/1206 Darwin/20.1.0
URI:/rank
[월 1월 11 23:41:14 KST 2021]
[INFO]
HOST:/172.30.1.254:58134
Method:GET
User-Agent:DMovie/1 CFNetwork/1206 Darwin/20.1.0
URI:/rank
[월 1월 11 23:47:15 KST 2021]
[INFO]
HOST:/172.30.1.254:58140
Method:GET
User-Agent:DMovie/1 CFNetwork/1206 Darwin/20.1.0
URI:/rank
[월 1월 11 23:47:37 KST 2021]
[INFO]
HOST:/172.30.1.254:58148
Method:GET
User-Agent:DMovie/1 CFNetwork/1206 Darwin/20.1.0
URI:/rank
[월 1월 11 23:49:04 KST 2021]
[INFO]
HOST:/172.30.1.254:58153
Method:GET
User-Agent:DMovie/1 CFNetwork/1206 Darwin/20.1.0
URI:/rank
[월 1월 11 23:50:28 KST 2021]
[INFO]
HOST:/172.30.1.254:58158
Method:GET
User-Agent:DMovie/1 CFNetwork/1206 Darwin/20.1.0
URI:/rank
[월 1월 11 23:52:43 KST 2021]
[INFO]
HOST:/172.30.1.254:58167
Method:GET
User-Agent:DMovie/1 CFNetwork/1206 Darwin/20.1.0
URI:/rank
[월 1월 11 23:55:37 KST 2021]
[INFO]
HOST:/172.30.1.254:58176
Method:GET
User-Agent:DMovie/1 CFNetwork/1206 Darwin/20.1.0
URI:/theater
[월 1월 11 23:56:09 KST 2021]
[INFO]
HOST:/172.30.1.254:58210
Method:GET
User-Agent:DMovie/1 CFNetwork/1206 Darwin/20.1.0
URI:/rank
[화 1월 12 00:00:53 KST 2021]
[INFO]
HOST:/172.30.1.254:58219
Method:GET
User-Agent:DMovie/1 CFNetwork/1206 Darwin/20.1.0
URI:/rank
[화 1월 12 00:01:10 KST 2021]
[INFO]
HOST:/172.30.1.254:58232
Method:GET
User-Agent:DMovie/1 CFNetwork/1206 Darwin/20.1.0
URI:/rank
[화 1월 12 00:02:13 KST 2021]
[INFO]
HOST:/172.30.1.254:58241
Method:GET
User-Agent:DMovie/1 CFNetwork/1206 Darwin/20.1.0
URI:/rank
[화 1월 12 00:03:37 KST 2021]
[INFO]
HOST:/172.30.1.254:58253
Method:GET
User-Agent:DMovie/1 CFNetwork/1206 Darwin/20.1.0
URI:/rank
[화 1월 12 00:04:26 KST 2021]
[INFO]
HOST:/172.30.1.254:58271
Method:GET
User-Agent:DMovie/1 CFNetwork/1206 Darwin/20.1.0
URI:/rank
[화 1월 12 00:06:27 KST 2021]
[INFO]
HOST:/172.30.1.254:58297
Method:GET
User-Agent:DMovie/1 CFNetwork/1206 Darwin/20.1.0
URI:/rank
[화 1월 12 00:10:00 KST 2021]
[INFO]
HOST:/172.30.1.254:58303
Method:GET
User-Agent:DMovie/1 CFNetwork/1206 Darwin/20.1.0
URI:/rank
[화 1월 12 00:10:23 KST 2021]
[INFO]
HOST:/172.30.1.254:58312
Method:GET
User-Agent:DMovie/1 CFNetwork/1206 Darwin/20.1.0
URI:/theater
[화 1월 12 00:12:38 KST 2021]
[INFO]
HOST:/172.30.1.254:58326
Method:GET
User-Agent:DMovie/1 CFNetwork/1206 Darwin/20.1.0
URI:/rank
[화 1월 12 00:15:01 KST 2021]
[INFO]
HOST:/172.30.1.254:58339
Method:GET
User-Agent:DMovie/1 CFNetwork/1206 Darwin/20.1.0
URI:/rank
[화 1월 12 00:15:44 KST 2021]
[INFO]
HOST:/172.30.1.254:58344
Method:GET
User-Agent:DMovie/1 CFNetwork/1206 Darwin/20.1.0
URI:/rank
[화 1월 12 00:15:56 KST 2021]
[INFO]
HOST:/172.30.1.254:58355
Method:GET
User-Agent:DMovie/1 CFNetwork/1206 Darwin/20.1.0
URI:/rank
[화 1월 12 00:17:30 KST 2021]
[INFO]
HOST:/172.30.1.254:58360
Method:GET
User-Agent:DMovie/1 CFNetwork/1206 Darwin/20.1.0
URI:/rank
[화 1월 12 00:17:48 KST 2021]
[INFO]
HOST:/172.30.1.254:58395
Method:GET
User-Agent:DMovie/1 CFNetwork/1206 Darwin/20.1.0
URI:/rank
[화 1월 12 00:20:42 KST 2021]
[INFO]
HOST:/172.30.1.254:58405
Method:GET
User-Agent:DMovie/1 CFNetwork/1206 Darwin/20.1.0
URI:/rank
[화 1월 12 00:22:16 KST 2021]
[INFO]
HOST:/172.30.1.254:58461
Method:GET
User-Agent:DMovie/1 CFNetwork/1206 Darwin/20.1.0
URI:/rank
[화 1월 12 00:26:55 KST 2021]
[INFO]
HOST:/172.30.1.254:58466
Method:GET
User-Agent:DMovie/1 CFNetwork/1206 Darwin/20.1.0
URI:/rank
[화 1월 12 00:27:39 KST 2021]
[INFO]
HOST:/172.30.1.254:58481
Method:GET
User-Agent:DMovie/1 CFNetwork/1206 Darwin/20.1.0
URI:/theater
[화 1월 12 00:29:43 KST 2021]
[INFO]
HOST:/172.30.1.254:58528
Method:GET
User-Agent:DMovie/1 CFNetwork/1206 Darwin/20.1.0
URI:/rank
[화 1월 12 00:36:36 KST 2021]
[INFO]
HOST:/172.30.1.254:58537
Method:GET
User-Agent:DMovie/1 CFNetwork/1206 Darwin/20.1.0
URI:/rank
[화 1월 12 00:37:26 KST 2021]
[INFO]
HOST:/172.30.1.254:58543
Method:GET
User-Agent:DMovie/1 CFNetwork/1206 Darwin/20.1.0
URI:/rank
[화 1월 12 00:38:36 KST 2021]
[INFO]
HOST:/172.30.1.254:58584
Method:GET
User-Agent:DMovie/1 CFNetwork/1206 Darwin/20.1.0
URI:/rank
[화 1월 12 00:43:38 KST 2021]
[INFO]
HOST:/172.30.1.254:58593
Method:GET
User-Agent:DMovie/1 CFNetwork/1206 Darwin/20.1.0
URI:/rank
[화 1월 12 00:44:04 KST 2021]
[INFO]
HOST:/172.30.1.254:58611
Method:GET
User-Agent:DMovie/1 CFNetwork/1206 Darwin/20.1.0
URI:/rank
[화 1월 12 00:46:57 KST 2021]
[INFO]
HOST:/172.30.1.254:58653
Method:GET
User-Agent:DMovie/1 CFNetwork/1206 Darwin/20.1.0
URI:/rank
[화 1월 12 00:50:14 KST 2021]
[INFO]
HOST:/172.30.1.254:58675
Method:GET
User-Agent:DMovie/1 CFNetwork/1206 Darwin/20.1.0
URI:/rank
[화 1월 12 00:53:21 KST 2021]
[INFO]
HOST:/172.30.1.254:58681
Method:GET
User-Agent:DMovie/1 CFNetwork/1206 Darwin/20.1.0
URI:/rank
[화 1월 12 00:53:41 KST 2021]
[INFO]
HOST:/172.30.1.254:58692
Method:GET
User-Agent:DMovie/1 CFNetwork/1206 Darwin/20.1.0
URI:/rank
[화 1월 12 00:54:36 KST 2021]
[INFO]
HOST:/172.30.1.254:58701
Method:GET
User-Agent:DMovie/1 CFNetwork/1206 Darwin/20.1.0
URI:/rank
[화 1월 12 00:55:48 KST 2021]
[INFO]
HOST:/172.30.1.254:58723
Method:GET
User-Agent:DMovie/1 CFNetwork/1206 Darwin/20.1.0
URI:/rank
[화 1월 12 00:56:57 KST 2021]
[INFO]
HOST:/172.30.1.254:58742
Method:GET
User-Agent:DMovie/1 CFNetwork/1206 Darwin/20.1.0
URI:/rank
[화 1월 12 00:59:07 KST 2021]
[INFO]
HOST:/172.30.1.254:58742
Method:GET
User-Agent:DMovie/1 CFNetwork/1206 Darwin/20.1.0
URI:/theater
[화 1월 12 00:59:16 KST 2021]
[INFO]
HOST:/172.30.1.254:58747
Method:GET
User-Agent:DMovie/1 CFNetwork/1206 Darwin/20.1.0
URI:/rank
[화 1월 12 01:00:21 KST 2021]
[INFO]
HOST:/172.30.1.254:58755
Method:GET
User-Agent:DMovie/1 CFNetwork/1206 Darwin/20.1.0
URI:/rank
[화 1월 12 01:02:07 KST 2021]
[INFO]
HOST:/172.30.1.254:58767
Method:GET
User-Agent:DMovie/1 CFNetwork/1206 Darwin/20.1.0
URI:/rank
[화 1월 12 01:05:31 KST 2021]
[INFO]
HOST:/172.30.1.254:58777
Method:GET
User-Agent:DMovie/1 CFNetwork/1206 Darwin/20.1.0
URI:/rank
[화 1월 12 01:06:04 KST 2021]
[INFO]
HOST:/172.30.1.254:58785
Method:GET
User-Agent:DMovie/1 CFNetwork/1206 Darwin/20.1.0
URI:/rank
[화 1월 12 01:06:42 KST 2021]
[INFO]
HOST:/172.30.1.254:58791
Method:GET
User-Agent:DMovie/1 CFNetwork/1206 Darwin/20.1.0
URI:/rank
[화 1월 12 01:07:07 KST 2021]
[INFO]
HOST:/172.30.1.254:58803
Method:GET
User-Agent:DMovie/1 CFNetwork/1206 Darwin/20.1.0
URI:/rank
[화 1월 12 01:08:05 KST 2021]
[INFO]
HOST:/172.30.1.254:58813
Method:GET
User-Agent:DMovie/1 CFNetwork/1206 Darwin/20.1.0
URI:/rank
[화 1월 12 01:08:53 KST 2021]
[INFO]
HOST:/172.30.1.254:58826
Method:GET
User-Agent:DMovie/1 CFNetwork/1206 Darwin/20.1.0
URI:/rank
[화 1월 12 01:10:27 KST 2021]
[INFO]
HOST:/172.30.1.254:58836
Method:GET
User-Agent:DMovie/1 CFNetwork/1206 Darwin/20.1.0
URI:/rank
[화 1월 12 01:11:20 KST 2021]
[INFO]
HOST:/172.30.1.254:58846
Method:GET
User-Agent:DMovie/1 CFNetwork/1206 Darwin/20.1.0
URI:/rank
[화 1월 12 01:12:47 KST 2021]
[INFO]
HOST:/172.30.1.254:58851
Method:GET
User-Agent:DMovie/1 CFNetwork/1206 Darwin/20.1.0
URI:/rank
[화 1월 12 01:13:15 KST 2021]
[INFO]
HOST:/172.30.1.254:58860
Method:GET
User-Agent:DMovie/1 CFNetwork/1206 Darwin/20.1.0
URI:/rank
[화 1월 12 01:13:58 KST 2021]
[INFO]
HOST:/172.30.1.254:58869
Method:GET
User-Agent:DMovie/1 CFNetwork/1206 Darwin/20.1.0
URI:/rank
[화 1월 12 01:14:31 KST 2021]
[INFO]
HOST:/172.30.1.254:58876
Method:GET
User-Agent:DMovie/1 CFNetwork/1206 Darwin/20.1.0
URI:/rank
[화 1월 12 01:16:03 KST 2021]
[INFO]
HOST:/172.30.1.254:58880
Method:GET
User-Agent:DMovie/1 CFNetwork/1206 Darwin/20.1.0
URI:/rank
[화 1월 12 01:16:31 KST 2021]
[INFO]
HOST:/172.30.1.254:58884
Method:GET
User-Agent:DMovie/1 CFNetwork/1206 Darwin/20.1.0
URI:/rank
[화 1월 12 01:16:53 KST 2021]
[INFO]
HOST:/172.30.1.254:58891
Method:GET
User-Agent:DMovie/1 CFNetwork/1206 Darwin/20.1.0
URI:/rank
[화 1월 12 01:17:26 KST 2021]
[INFO]
HOST:/172.30.1.254:58896
Method:GET
User-Agent:DMovie/1 CFNetwork/1206 Darwin/20.1.0
URI:/rank
[화 1월 12 01:18:14 KST 2021]
[INFO]
HOST:/172.30.1.254:58898
Method:GET
User-Agent:DMovie/1 CFNetwork/1206 Darwin/20.1.0
URI:/rank
[화 1월 12 01:18:47 KST 2021]
[INFO]
HOST:/172.30.1.254:58898
Method:GET
User-Agent:DMovie/1 CFNetwork/1206 Darwin/20.1.0
URI:/theater
[화 1월 12 01:18:51 KST 2021]
[INFO]
HOST:/172.30.1.254:58916
Method:GET
User-Agent:DMovie/1 CFNetwork/1206 Darwin/20.1.0
URI:/rank
[화 1월 12 01:20:20 KST 2021]
[INFO]
HOST:/172.30.1.254:58930
Method:GET
User-Agent:DMovie/1 CFNetwork/1206 Darwin/20.1.0
URI:/rank
[화 1월 12 01:22:51 KST 2021]
[INFO]
HOST:/172.30.1.254:59006
Method:GET
User-Agent:DMovie/1 CFNetwork/1206 Darwin/20.1.0
URI:/rank
[화 1월 12 01:25:06 KST 2021]
[INFO]
HOST:/172.30.1.254:59006
Method:GET
User-Agent:DMovie/1 CFNetwork/1206 Darwin/20.1.0
URI:/theater
[화 1월 12 01:25:09 KST 2021]
[INFO]
HOST:/172.30.1.254:59023
Method:GET
User-Agent:DMovie/1 CFNetwork/1206 Darwin/20.1.0
URI:/rank
[화 1월 12 01:29:37 KST 2021]
[INFO]
HOST:/172.30.1.254:59023
Method:GET
User-Agent:DMovie/1 CFNetwork/1206 Darwin/20.1.0
URI:/theater
[화 1월 12 01:29:38 KST 2021]
[INFO]
HOST:/172.30.1.254:59034
Method:GET
User-Agent:DMovie/1 CFNetwork/1206 Darwin/20.1.0
URI:/rank
[화 1월 12 01:30:13 KST 2021]
[INFO]
HOST:/172.30.1.254:59034
Method:GET
User-Agent:DMovie/1 CFNetwork/1206 Darwin/20.1.0
URI:/theater
[화 1월 12 01:30:15 KST 2021]
[INFO]
HOST:/172.30.1.254:59073
Method:GET
User-Agent:DMovie/1 CFNetwork/1206 Darwin/20.1.0
URI:/rank
[화 1월 12 01:32:28 KST 2021]
[INFO]
HOST:/172.30.1.254:59073
Method:GET
User-Agent:DMovie/1 CFNetwork/1206 Darwin/20.1.0
URI:/theater
[화 1월 12 01:32:40 KST 2021]
